<?xml version="1.0" encoding="UTF-8"?>
<testsuite xmlns:xsi="http://www.w3.org/2001/XMLSchema-instance" xsi:noNamespaceSchemaLocation="https://maven.apache.org/surefire/maven-surefire-plugin/xsd/surefire-test-report.xsd" name="TestSuite" time="182.002" tests="114" errors="0" skipped="0" failures="0">
  <properties>
    <property name="gopherProxySet" value="false"/>
    <property name="awt.toolkit" value="sun.lwawt.macosx.LWCToolkit"/>
    <property name="file.encoding.pkg" value="sun.io"/>
    <property name="java.specification.version" value="1.8"/>
    <property name="sun.cpu.isalist" value=""/>
    <property name="sun.jnu.encoding" value="UTF-8"/>
    <property name="java.class.path" value="/Users/yaokai/IdeaProjects/yktest/target/test-classes:/Users/yaokai/IdeaProjects/yktest/target/classes:/Users/yaokai/.m2/repository/org/apache/httpcomponents/httpclient/4.5.9/httpclient-4.5.9.jar:/Users/yaokai/.m2/repository/org/apache/httpcomponents/httpcore/4.4.11/httpcore-4.4.11.jar:/Users/yaokai/.m2/repository/commons-logging/commons-logging/1.2/commons-logging-1.2.jar:/Users/yaokai/.m2/repository/commons-codec/commons-codec/1.11/commons-codec-1.11.jar:/Users/yaokai/.m2/repository/org/testng/testng/6.10/testng-6.10.jar:/Users/yaokai/.m2/repository/com/beust/jcommander/1.48/jcommander-1.48.jar:/Users/yaokai/.m2/repository/org/json/json/20170516/json-20170516.jar:/Users/yaokai/.m2/repository/mysql/mysql-connector-java/8.0.18/mysql-connector-java-8.0.18.jar:/Users/yaokai/.m2/repository/com/google/protobuf/protobuf-java/3.6.1/protobuf-java-3.6.1.jar:/Users/yaokai/.m2/repository/com/relevantcodes/extentreports/2.41.1/extentreports-2.41.1.jar:/Users/yaokai/.m2/repository/org/jsoup/jsoup/1.8.3/jsoup-1.8.3.jar:/Users/yaokai/.m2/repository/org/xerial/sqlite-jdbc/3.8.11.1/sqlite-jdbc-3.8.11.1.jar:/Users/yaokai/.m2/repository/org/freemarker/freemarker/2.3.23/freemarker-2.3.23.jar:/Users/yaokai/.m2/repository/org/mongodb/mongodb-driver/3.0.4/mongodb-driver-3.0.4.jar:/Users/yaokai/.m2/repository/org/mongodb/bson/3.0.4/bson-3.0.4.jar:/Users/yaokai/.m2/repository/org/mongodb/mongodb-driver-core/3.0.4/mongodb-driver-core-3.0.4.jar:/Users/yaokai/.m2/repository/com/vimalselvam/testng-extentsreport/1.3.1/testng-extentsreport-1.3.1.jar:/Users/yaokai/.m2/repository/com/google/guava/guava/20.0/guava-20.0.jar:/Users/yaokai/.m2/repository/com/aventstack/extentreports/3.0.6/extentreports-3.0.6.jar:/Users/yaokai/.m2/repository/org/apache/httpcomponents/httpmime/4.5.2/httpmime-4.5.2.jar:/Users/yaokai/.m2/repository/com/alibaba/fastjson/1.2.46/fastjson-1.2.46.jar:/Users/yaokai/.m2/repository/org/projectlombok/lombok/1.16.22/lombok-1.16.22.jar:/Users/yaokai/.m2/repository/org/springframework/boot/spring-boot-starter-web/2.0.2.RELEASE/spring-boot-starter-web-2.0.2.RELEASE.jar:/Users/yaokai/.m2/repository/org/springframework/boot/spring-boot-starter/2.0.2.RELEASE/spring-boot-starter-2.0.2.RELEASE.jar:/Users/yaokai/.m2/repository/org/springframework/boot/spring-boot/2.0.2.RELEASE/spring-boot-2.0.2.RELEASE.jar:/Users/yaokai/.m2/repository/org/springframework/boot/spring-boot-autoconfigure/2.0.2.RELEASE/spring-boot-autoconfigure-2.0.2.RELEASE.jar:/Users/yaokai/.m2/repository/org/springframework/boot/spring-boot-starter-logging/2.0.2.RELEASE/spring-boot-starter-logging-2.0.2.RELEASE.jar:/Users/yaokai/.m2/repository/ch/qos/logback/logback-classic/1.2.3/logback-classic-1.2.3.jar:/Users/yaokai/.m2/repository/ch/qos/logback/logback-core/1.2.3/logback-core-1.2.3.jar:/Users/yaokai/.m2/repository/org/apache/logging/log4j/log4j-to-slf4j/2.10.0/log4j-to-slf4j-2.10.0.jar:/Users/yaokai/.m2/repository/org/apache/logging/log4j/log4j-api/2.10.0/log4j-api-2.10.0.jar:/Users/yaokai/.m2/repository/org/slf4j/jul-to-slf4j/1.7.25/jul-to-slf4j-1.7.25.jar:/Users/yaokai/.m2/repository/javax/annotation/javax.annotation-api/1.3.2/javax.annotation-api-1.3.2.jar:/Users/yaokai/.m2/repository/org/yaml/snakeyaml/1.19/snakeyaml-1.19.jar:/Users/yaokai/.m2/repository/org/springframework/boot/spring-boot-starter-json/2.0.2.RELEASE/spring-boot-starter-json-2.0.2.RELEASE.jar:/Users/yaokai/.m2/repository/com/fasterxml/jackson/core/jackson-databind/2.9.5/jackson-databind-2.9.5.jar:/Users/yaokai/.m2/repository/com/fasterxml/jackson/core/jackson-annotations/2.9.0/jackson-annotations-2.9.0.jar:/Users/yaokai/.m2/repository/com/fasterxml/jackson/core/jackson-core/2.9.5/jackson-core-2.9.5.jar:/Users/yaokai/.m2/repository/com/fasterxml/jackson/datatype/jackson-datatype-jdk8/2.9.5/jackson-datatype-jdk8-2.9.5.jar:/Users/yaokai/.m2/repository/com/fasterxml/jackson/datatype/jackson-datatype-jsr310/2.9.5/jackson-datatype-jsr310-2.9.5.jar:/Users/yaokai/.m2/repository/com/fasterxml/jackson/module/jackson-module-parameter-names/2.9.5/jackson-module-parameter-names-2.9.5.jar:/Users/yaokai/.m2/repository/org/springframework/boot/spring-boot-starter-tomcat/2.0.2.RELEASE/spring-boot-starter-tomcat-2.0.2.RELEASE.jar:/Users/yaokai/.m2/repository/org/apache/tomcat/embed/tomcat-embed-core/8.5.31/tomcat-embed-core-8.5.31.jar:/Users/yaokai/.m2/repository/org/apache/tomcat/embed/tomcat-embed-el/8.5.31/tomcat-embed-el-8.5.31.jar:/Users/yaokai/.m2/repository/org/apache/tomcat/embed/tomcat-embed-websocket/8.5.31/tomcat-embed-websocket-8.5.31.jar:/Users/yaokai/.m2/repository/org/hibernate/validator/hibernate-validator/6.0.9.Final/hibernate-validator-6.0.9.Final.jar:/Users/yaokai/.m2/repository/javax/validation/validation-api/2.0.1.Final/validation-api-2.0.1.Final.jar:/Users/yaokai/.m2/repository/org/jboss/logging/jboss-logging/3.3.2.Final/jboss-logging-3.3.2.Final.jar:/Users/yaokai/.m2/repository/org/springframework/spring-web/5.0.6.RELEASE/spring-web-5.0.6.RELEASE.jar:/Users/yaokai/.m2/repository/org/springframework/spring-beans/5.0.6.RELEASE/spring-beans-5.0.6.RELEASE.jar:/Users/yaokai/.m2/repository/org/springframework/spring-webmvc/5.0.6.RELEASE/spring-webmvc-5.0.6.RELEASE.jar:/Users/yaokai/.m2/repository/org/springframework/spring-aop/5.0.6.RELEASE/spring-aop-5.0.6.RELEASE.jar:/Users/yaokai/.m2/repository/org/springframework/spring-context/5.0.6.RELEASE/spring-context-5.0.6.RELEASE.jar:/Users/yaokai/.m2/repository/org/springframework/spring-expression/5.0.6.RELEASE/spring-expression-5.0.6.RELEASE.jar:/Users/yaokai/.m2/repository/io/springfox/springfox-swagger-ui/2.6.1/springfox-swagger-ui-2.6.1.jar:/Users/yaokai/.m2/repository/io/springfox/springfox-spring-web/2.6.1/springfox-spring-web-2.6.1.jar:/Users/yaokai/.m2/repository/io/springfox/springfox-swagger2/2.6.1/springfox-swagger2-2.6.1.jar:/Users/yaokai/.m2/repository/io/swagger/swagger-annotations/1.5.10/swagger-annotations-1.5.10.jar:/Users/yaokai/.m2/repository/io/swagger/swagger-models/1.5.10/swagger-models-1.5.10.jar:/Users/yaokai/.m2/repository/io/springfox/springfox-spi/2.6.1/springfox-spi-2.6.1.jar:/Users/yaokai/.m2/repository/io/springfox/springfox-core/2.6.1/springfox-core-2.6.1.jar:/Users/yaokai/.m2/repository/io/springfox/springfox-schema/2.6.1/springfox-schema-2.6.1.jar:/Users/yaokai/.m2/repository/io/springfox/springfox-swagger-common/2.6.1/springfox-swagger-common-2.6.1.jar:/Users/yaokai/.m2/repository/com/fasterxml/classmate/1.3.1/classmate-1.3.1.jar:/Users/yaokai/.m2/repository/org/slf4j/slf4j-api/1.7.21/slf4j-api-1.7.21.jar:/Users/yaokai/.m2/repository/org/springframework/plugin/spring-plugin-core/1.2.0.RELEASE/spring-plugin-core-1.2.0.RELEASE.jar:/Users/yaokai/.m2/repository/org/springframework/plugin/spring-plugin-metadata/1.2.0.RELEASE/spring-plugin-metadata-1.2.0.RELEASE.jar:/Users/yaokai/.m2/repository/org/mapstruct/mapstruct/1.0.0.Final/mapstruct-1.0.0.Final.jar:/Users/yaokai/.m2/repository/org/mybatis/spring/boot/mybatis-spring-boot-starter/2.0.0/mybatis-spring-boot-starter-2.0.0.jar:/Users/yaokai/.m2/repository/org/springframework/boot/spring-boot-starter-jdbc/2.0.8.RELEASE/spring-boot-starter-jdbc-2.0.8.RELEASE.jar:/Users/yaokai/.m2/repository/com/zaxxer/HikariCP/2.7.9/HikariCP-2.7.9.jar:/Users/yaokai/.m2/repository/org/springframework/spring-jdbc/5.0.12.RELEASE/spring-jdbc-5.0.12.RELEASE.jar:/Users/yaokai/.m2/repository/org/springframework/spring-tx/5.0.12.RELEASE/spring-tx-5.0.12.RELEASE.jar:/Users/yaokai/.m2/repository/org/mybatis/spring/boot/mybatis-spring-boot-autoconfigure/2.0.0/mybatis-spring-boot-autoconfigure-2.0.0.jar:/Users/yaokai/.m2/repository/org/mybatis/mybatis/3.5.0/mybatis-3.5.0.jar:/Users/yaokai/.m2/repository/org/mybatis/mybatis-spring/2.0.0/mybatis-spring-2.0.0.jar:/Users/yaokai/.m2/repository/org/springframework/boot/spring-boot-starter-test/2.0.2.RELEASE/spring-boot-starter-test-2.0.2.RELEASE.jar:/Users/yaokai/.m2/repository/org/springframework/boot/spring-boot-test/2.0.2.RELEASE/spring-boot-test-2.0.2.RELEASE.jar:/Users/yaokai/.m2/repository/org/springframework/boot/spring-boot-test-autoconfigure/2.0.2.RELEASE/spring-boot-test-autoconfigure-2.0.2.RELEASE.jar:/Users/yaokai/.m2/repository/com/jayway/jsonpath/json-path/2.4.0/json-path-2.4.0.jar:/Users/yaokai/.m2/repository/net/minidev/json-smart/2.3/json-smart-2.3.jar:/Users/yaokai/.m2/repository/net/minidev/accessors-smart/1.2/accessors-smart-1.2.jar:/Users/yaokai/.m2/repository/org/ow2/asm/asm/5.0.4/asm-5.0.4.jar:/Users/yaokai/.m2/repository/junit/junit/4.12/junit-4.12.jar:/Users/yaokai/.m2/repository/org/assertj/assertj-core/3.9.1/assertj-core-3.9.1.jar:/Users/yaokai/.m2/repository/org/mockito/mockito-core/2.15.0/mockito-core-2.15.0.jar:/Users/yaokai/.m2/repository/net/bytebuddy/byte-buddy/1.7.9/byte-buddy-1.7.9.jar:/Users/yaokai/.m2/repository/net/bytebuddy/byte-buddy-agent/1.7.9/byte-buddy-agent-1.7.9.jar:/Users/yaokai/.m2/repository/org/objenesis/objenesis/2.6/objenesis-2.6.jar:/Users/yaokai/.m2/repository/org/hamcrest/hamcrest-core/1.3/hamcrest-core-1.3.jar:/Users/yaokai/.m2/repository/org/hamcrest/hamcrest-library/1.3/hamcrest-library-1.3.jar:/Users/yaokai/.m2/repository/org/skyscreamer/jsonassert/1.5.0/jsonassert-1.5.0.jar:/Users/yaokai/.m2/repository/com/vaadin/external/google/android-json/0.0.20131108.vaadin1/android-json-0.0.20131108.vaadin1.jar:/Users/yaokai/.m2/repository/org/springframework/spring-core/5.0.6.RELEASE/spring-core-5.0.6.RELEASE.jar:/Users/yaokai/.m2/repository/org/springframework/spring-jcl/5.0.6.RELEASE/spring-jcl-5.0.6.RELEASE.jar:/Users/yaokai/.m2/repository/org/springframework/spring-test/5.0.6.RELEASE/spring-test-5.0.6.RELEASE.jar:/Users/yaokai/.m2/repository/org/xmlunit/xmlunit-core/2.5.1/xmlunit-core-2.5.1.jar:/Users/yaokai/.m2/repository/org/apache/maven/surefire/surefire-testng-utils/2.21.0/surefire-testng-utils-2.21.0.jar:/Users/yaokai/.m2/repository/org/apache/maven/surefire/surefire-grouper/2.21.0/surefire-grouper-2.21.0.jar:"/>
    <property name="java.vm.vendor" value="Oracle Corporation"/>
    <property name="sun.arch.data.model" value="64"/>
    <property name="java.vendor.url" value="http://java.oracle.com/"/>
    <property name="user.timezone" value=""/>
    <property name="java.vm.specification.version" value="1.8"/>
    <property name="os.name" value="Mac OS X"/>
    <property name="user.country" value="CN"/>
    <property name="sun.java.launcher" value="SUN_STANDARD"/>
    <property name="sun.boot.library.path" value="/Library/Java/JavaVirtualMachines/jdk1.8.0_172.jdk/Contents/Home/jre/lib"/>
    <property name="sun.java.command" value="/Users/yaokai/IdeaProjects/yktest/target/surefire/surefirebooter8041802625470461942.jar /Users/yaokai/IdeaProjects/yktest/target/surefire 2020-04-03T17-51-11_467-jvmRun1 surefire9222134901443036063tmp surefire_07914241510026325344tmp"/>
    <property name="surefire.test.class.path" value="/Users/yaokai/IdeaProjects/yktest/target/test-classes:/Users/yaokai/IdeaProjects/yktest/target/classes:/Users/yaokai/.m2/repository/org/apache/httpcomponents/httpclient/4.5.9/httpclient-4.5.9.jar:/Users/yaokai/.m2/repository/org/apache/httpcomponents/httpcore/4.4.11/httpcore-4.4.11.jar:/Users/yaokai/.m2/repository/commons-logging/commons-logging/1.2/commons-logging-1.2.jar:/Users/yaokai/.m2/repository/commons-codec/commons-codec/1.11/commons-codec-1.11.jar:/Users/yaokai/.m2/repository/org/testng/testng/6.10/testng-6.10.jar:/Users/yaokai/.m2/repository/com/beust/jcommander/1.48/jcommander-1.48.jar:/Users/yaokai/.m2/repository/org/json/json/20170516/json-20170516.jar:/Users/yaokai/.m2/repository/mysql/mysql-connector-java/8.0.18/mysql-connector-java-8.0.18.jar:/Users/yaokai/.m2/repository/com/google/protobuf/protobuf-java/3.6.1/protobuf-java-3.6.1.jar:/Users/yaokai/.m2/repository/com/relevantcodes/extentreports/2.41.1/extentreports-2.41.1.jar:/Users/yaokai/.m2/repository/org/jsoup/jsoup/1.8.3/jsoup-1.8.3.jar:/Users/yaokai/.m2/repository/org/xerial/sqlite-jdbc/3.8.11.1/sqlite-jdbc-3.8.11.1.jar:/Users/yaokai/.m2/repository/org/freemarker/freemarker/2.3.23/freemarker-2.3.23.jar:/Users/yaokai/.m2/repository/org/mongodb/mongodb-driver/3.0.4/mongodb-driver-3.0.4.jar:/Users/yaokai/.m2/repository/org/mongodb/bson/3.0.4/bson-3.0.4.jar:/Users/yaokai/.m2/repository/org/mongodb/mongodb-driver-core/3.0.4/mongodb-driver-core-3.0.4.jar:/Users/yaokai/.m2/repository/com/vimalselvam/testng-extentsreport/1.3.1/testng-extentsreport-1.3.1.jar:/Users/yaokai/.m2/repository/com/google/guava/guava/20.0/guava-20.0.jar:/Users/yaokai/.m2/repository/com/aventstack/extentreports/3.0.6/extentreports-3.0.6.jar:/Users/yaokai/.m2/repository/org/apache/httpcomponents/httpmime/4.5.2/httpmime-4.5.2.jar:/Users/yaokai/.m2/repository/com/alibaba/fastjson/1.2.46/fastjson-1.2.46.jar:/Users/yaokai/.m2/repository/org/projectlombok/lombok/1.16.22/lombok-1.16.22.jar:/Users/yaokai/.m2/repository/org/springframework/boot/spring-boot-starter-web/2.0.2.RELEASE/spring-boot-starter-web-2.0.2.RELEASE.jar:/Users/yaokai/.m2/repository/org/springframework/boot/spring-boot-starter/2.0.2.RELEASE/spring-boot-starter-2.0.2.RELEASE.jar:/Users/yaokai/.m2/repository/org/springframework/boot/spring-boot/2.0.2.RELEASE/spring-boot-2.0.2.RELEASE.jar:/Users/yaokai/.m2/repository/org/springframework/boot/spring-boot-autoconfigure/2.0.2.RELEASE/spring-boot-autoconfigure-2.0.2.RELEASE.jar:/Users/yaokai/.m2/repository/org/springframework/boot/spring-boot-starter-logging/2.0.2.RELEASE/spring-boot-starter-logging-2.0.2.RELEASE.jar:/Users/yaokai/.m2/repository/ch/qos/logback/logback-classic/1.2.3/logback-classic-1.2.3.jar:/Users/yaokai/.m2/repository/ch/qos/logback/logback-core/1.2.3/logback-core-1.2.3.jar:/Users/yaokai/.m2/repository/org/apache/logging/log4j/log4j-to-slf4j/2.10.0/log4j-to-slf4j-2.10.0.jar:/Users/yaokai/.m2/repository/org/apache/logging/log4j/log4j-api/2.10.0/log4j-api-2.10.0.jar:/Users/yaokai/.m2/repository/org/slf4j/jul-to-slf4j/1.7.25/jul-to-slf4j-1.7.25.jar:/Users/yaokai/.m2/repository/javax/annotation/javax.annotation-api/1.3.2/javax.annotation-api-1.3.2.jar:/Users/yaokai/.m2/repository/org/yaml/snakeyaml/1.19/snakeyaml-1.19.jar:/Users/yaokai/.m2/repository/org/springframework/boot/spring-boot-starter-json/2.0.2.RELEASE/spring-boot-starter-json-2.0.2.RELEASE.jar:/Users/yaokai/.m2/repository/com/fasterxml/jackson/core/jackson-databind/2.9.5/jackson-databind-2.9.5.jar:/Users/yaokai/.m2/repository/com/fasterxml/jackson/core/jackson-annotations/2.9.0/jackson-annotations-2.9.0.jar:/Users/yaokai/.m2/repository/com/fasterxml/jackson/core/jackson-core/2.9.5/jackson-core-2.9.5.jar:/Users/yaokai/.m2/repository/com/fasterxml/jackson/datatype/jackson-datatype-jdk8/2.9.5/jackson-datatype-jdk8-2.9.5.jar:/Users/yaokai/.m2/repository/com/fasterxml/jackson/datatype/jackson-datatype-jsr310/2.9.5/jackson-datatype-jsr310-2.9.5.jar:/Users/yaokai/.m2/repository/com/fasterxml/jackson/module/jackson-module-parameter-names/2.9.5/jackson-module-parameter-names-2.9.5.jar:/Users/yaokai/.m2/repository/org/springframework/boot/spring-boot-starter-tomcat/2.0.2.RELEASE/spring-boot-starter-tomcat-2.0.2.RELEASE.jar:/Users/yaokai/.m2/repository/org/apache/tomcat/embed/tomcat-embed-core/8.5.31/tomcat-embed-core-8.5.31.jar:/Users/yaokai/.m2/repository/org/apache/tomcat/embed/tomcat-embed-el/8.5.31/tomcat-embed-el-8.5.31.jar:/Users/yaokai/.m2/repository/org/apache/tomcat/embed/tomcat-embed-websocket/8.5.31/tomcat-embed-websocket-8.5.31.jar:/Users/yaokai/.m2/repository/org/hibernate/validator/hibernate-validator/6.0.9.Final/hibernate-validator-6.0.9.Final.jar:/Users/yaokai/.m2/repository/javax/validation/validation-api/2.0.1.Final/validation-api-2.0.1.Final.jar:/Users/yaokai/.m2/repository/org/jboss/logging/jboss-logging/3.3.2.Final/jboss-logging-3.3.2.Final.jar:/Users/yaokai/.m2/repository/org/springframework/spring-web/5.0.6.RELEASE/spring-web-5.0.6.RELEASE.jar:/Users/yaokai/.m2/repository/org/springframework/spring-beans/5.0.6.RELEASE/spring-beans-5.0.6.RELEASE.jar:/Users/yaokai/.m2/repository/org/springframework/spring-webmvc/5.0.6.RELEASE/spring-webmvc-5.0.6.RELEASE.jar:/Users/yaokai/.m2/repository/org/springframework/spring-aop/5.0.6.RELEASE/spring-aop-5.0.6.RELEASE.jar:/Users/yaokai/.m2/repository/org/springframework/spring-context/5.0.6.RELEASE/spring-context-5.0.6.RELEASE.jar:/Users/yaokai/.m2/repository/org/springframework/spring-expression/5.0.6.RELEASE/spring-expression-5.0.6.RELEASE.jar:/Users/yaokai/.m2/repository/io/springfox/springfox-swagger-ui/2.6.1/springfox-swagger-ui-2.6.1.jar:/Users/yaokai/.m2/repository/io/springfox/springfox-spring-web/2.6.1/springfox-spring-web-2.6.1.jar:/Users/yaokai/.m2/repository/io/springfox/springfox-swagger2/2.6.1/springfox-swagger2-2.6.1.jar:/Users/yaokai/.m2/repository/io/swagger/swagger-annotations/1.5.10/swagger-annotations-1.5.10.jar:/Users/yaokai/.m2/repository/io/swagger/swagger-models/1.5.10/swagger-models-1.5.10.jar:/Users/yaokai/.m2/repository/io/springfox/springfox-spi/2.6.1/springfox-spi-2.6.1.jar:/Users/yaokai/.m2/repository/io/springfox/springfox-core/2.6.1/springfox-core-2.6.1.jar:/Users/yaokai/.m2/repository/io/springfox/springfox-schema/2.6.1/springfox-schema-2.6.1.jar:/Users/yaokai/.m2/repository/io/springfox/springfox-swagger-common/2.6.1/springfox-swagger-common-2.6.1.jar:/Users/yaokai/.m2/repository/com/fasterxml/classmate/1.3.1/classmate-1.3.1.jar:/Users/yaokai/.m2/repository/org/slf4j/slf4j-api/1.7.21/slf4j-api-1.7.21.jar:/Users/yaokai/.m2/repository/org/springframework/plugin/spring-plugin-core/1.2.0.RELEASE/spring-plugin-core-1.2.0.RELEASE.jar:/Users/yaokai/.m2/repository/org/springframework/plugin/spring-plugin-metadata/1.2.0.RELEASE/spring-plugin-metadata-1.2.0.RELEASE.jar:/Users/yaokai/.m2/repository/org/mapstruct/mapstruct/1.0.0.Final/mapstruct-1.0.0.Final.jar:/Users/yaokai/.m2/repository/org/mybatis/spring/boot/mybatis-spring-boot-starter/2.0.0/mybatis-spring-boot-starter-2.0.0.jar:/Users/yaokai/.m2/repository/org/springframework/boot/spring-boot-starter-jdbc/2.0.8.RELEASE/spring-boot-starter-jdbc-2.0.8.RELEASE.jar:/Users/yaokai/.m2/repository/com/zaxxer/HikariCP/2.7.9/HikariCP-2.7.9.jar:/Users/yaokai/.m2/repository/org/springframework/spring-jdbc/5.0.12.RELEASE/spring-jdbc-5.0.12.RELEASE.jar:/Users/yaokai/.m2/repository/org/springframework/spring-tx/5.0.12.RELEASE/spring-tx-5.0.12.RELEASE.jar:/Users/yaokai/.m2/repository/org/mybatis/spring/boot/mybatis-spring-boot-autoconfigure/2.0.0/mybatis-spring-boot-autoconfigure-2.0.0.jar:/Users/yaokai/.m2/repository/org/mybatis/mybatis/3.5.0/mybatis-3.5.0.jar:/Users/yaokai/.m2/repository/org/mybatis/mybatis-spring/2.0.0/mybatis-spring-2.0.0.jar:/Users/yaokai/.m2/repository/org/springframework/boot/spring-boot-starter-test/2.0.2.RELEASE/spring-boot-starter-test-2.0.2.RELEASE.jar:/Users/yaokai/.m2/repository/org/springframework/boot/spring-boot-test/2.0.2.RELEASE/spring-boot-test-2.0.2.RELEASE.jar:/Users/yaokai/.m2/repository/org/springframework/boot/spring-boot-test-autoconfigure/2.0.2.RELEASE/spring-boot-test-autoconfigure-2.0.2.RELEASE.jar:/Users/yaokai/.m2/repository/com/jayway/jsonpath/json-path/2.4.0/json-path-2.4.0.jar:/Users/yaokai/.m2/repository/net/minidev/json-smart/2.3/json-smart-2.3.jar:/Users/yaokai/.m2/repository/net/minidev/accessors-smart/1.2/accessors-smart-1.2.jar:/Users/yaokai/.m2/repository/org/ow2/asm/asm/5.0.4/asm-5.0.4.jar:/Users/yaokai/.m2/repository/junit/junit/4.12/junit-4.12.jar:/Users/yaokai/.m2/repository/org/assertj/assertj-core/3.9.1/assertj-core-3.9.1.jar:/Users/yaokai/.m2/repository/org/mockito/mockito-core/2.15.0/mockito-core-2.15.0.jar:/Users/yaokai/.m2/repository/net/bytebuddy/byte-buddy/1.7.9/byte-buddy-1.7.9.jar:/Users/yaokai/.m2/repository/net/bytebuddy/byte-buddy-agent/1.7.9/byte-buddy-agent-1.7.9.jar:/Users/yaokai/.m2/repository/org/objenesis/objenesis/2.6/objenesis-2.6.jar:/Users/yaokai/.m2/repository/org/hamcrest/hamcrest-core/1.3/hamcrest-core-1.3.jar:/Users/yaokai/.m2/repository/org/hamcrest/hamcrest-library/1.3/hamcrest-library-1.3.jar:/Users/yaokai/.m2/repository/org/skyscreamer/jsonassert/1.5.0/jsonassert-1.5.0.jar:/Users/yaokai/.m2/repository/com/vaadin/external/google/android-json/0.0.20131108.vaadin1/android-json-0.0.20131108.vaadin1.jar:/Users/yaokai/.m2/repository/org/springframework/spring-core/5.0.6.RELEASE/spring-core-5.0.6.RELEASE.jar:/Users/yaokai/.m2/repository/org/springframework/spring-jcl/5.0.6.RELEASE/spring-jcl-5.0.6.RELEASE.jar:/Users/yaokai/.m2/repository/org/springframework/spring-test/5.0.6.RELEASE/spring-test-5.0.6.RELEASE.jar:/Users/yaokai/.m2/repository/org/xmlunit/xmlunit-core/2.5.1/xmlunit-core-2.5.1.jar:/Users/yaokai/.m2/repository/org/apache/maven/surefire/surefire-testng-utils/2.21.0/surefire-testng-utils-2.21.0.jar:/Users/yaokai/.m2/repository/org/apache/maven/surefire/surefire-grouper/2.21.0/surefire-grouper-2.21.0.jar:"/>
    <property name="sun.cpu.endian" value="little"/>
    <property name="user.home" value="/Users/yaokai"/>
    <property name="user.language" value="zh"/>
    <property name="java.specification.vendor" value="Oracle Corporation"/>
    <property name="java.home" value="/Library/Java/JavaVirtualMachines/jdk1.8.0_172.jdk/Contents/Home/jre"/>
    <property name="basedir" value="/Users/yaokai/IdeaProjects/yktest"/>
    <property name="file.separator" value="/"/>
    <property name="line.separator" value="&#10;"/>
    <property name="java.vm.specification.vendor" value="Oracle Corporation"/>
    <property name="java.specification.name" value="Java Platform API Specification"/>
    <property name="java.awt.graphicsenv" value="sun.awt.CGraphicsEnvironment"/>
    <property name="surefire.real.class.path" value="/Users/yaokai/IdeaProjects/yktest/target/surefire/surefirebooter8041802625470461942.jar"/>
    <property name="sun.boot.class.path" value="/Library/Java/JavaVirtualMachines/jdk1.8.0_172.jdk/Contents/Home/jre/lib/resources.jar:/Library/Java/JavaVirtualMachines/jdk1.8.0_172.jdk/Contents/Home/jre/lib/rt.jar:/Library/Java/JavaVirtualMachines/jdk1.8.0_172.jdk/Contents/Home/jre/lib/sunrsasign.jar:/Library/Java/JavaVirtualMachines/jdk1.8.0_172.jdk/Contents/Home/jre/lib/jsse.jar:/Library/Java/JavaVirtualMachines/jdk1.8.0_172.jdk/Contents/Home/jre/lib/jce.jar:/Library/Java/JavaVirtualMachines/jdk1.8.0_172.jdk/Contents/Home/jre/lib/charsets.jar:/Library/Java/JavaVirtualMachines/jdk1.8.0_172.jdk/Contents/Home/jre/lib/jfr.jar:/Library/Java/JavaVirtualMachines/jdk1.8.0_172.jdk/Contents/Home/jre/classes"/>
    <property name="sun.management.compiler" value="HotSpot 64-Bit Tiered Compilers"/>
    <property name="java.runtime.version" value="1.8.0_172-b11"/>
    <property name="user.name" value="yaokai"/>
    <property name="path.separator" value=":"/>
    <property name="os.version" value="10.14.6"/>
    <property name="java.endorsed.dirs" value="/Library/Java/JavaVirtualMachines/jdk1.8.0_172.jdk/Contents/Home/jre/lib/endorsed"/>
    <property name="java.runtime.name" value="Java(TM) SE Runtime Environment"/>
    <property name="file.encoding" value="US-ASCII"/>
    <property name="java.vm.name" value="Java HotSpot(TM) 64-Bit Server VM"/>
    <property name="localRepository" value="/Users/yaokai/.m2/repository"/>
    <property name="java.vendor.url.bug" value="http://bugreport.sun.com/bugreport/"/>
    <property name="java.io.tmpdir" value="/var/folders/61/9ktr6__s653byk0k3_vl0zp00000gn/T/"/>
    <property name="java.version" value="1.8.0_172"/>
    <property name="user.dir" value="/Users/yaokai/IdeaProjects/yktest"/>
    <property name="os.arch" value="x86_64"/>
    <property name="java.vm.specification.name" value="Java Virtual Machine Specification"/>
    <property name="java.awt.printerjob" value="sun.lwawt.macosx.CPrinterJob"/>
    <property name="idea.version2019.3.1" value="true"/>
    <property name="sun.os.patch.level" value="unknown"/>
    <property name="java.library.path" value="/Users/yaokai/Library/Java/Extensions:/Library/Java/Extensions:/Network/Library/Java/Extensions:/System/Library/Java/Extensions:/usr/lib/java:."/>
    <property name="java.vm.info" value="mixed mode"/>
    <property name="java.vendor" value="Oracle Corporation"/>
    <property name="java.vm.version" value="25.172-b11"/>
    <property name="java.ext.dirs" value="/Users/yaokai/Library/Java/Extensions:/Library/Java/JavaVirtualMachines/jdk1.8.0_172.jdk/Contents/Home/jre/lib/ext:/Library/Java/Extensions:/Network/Library/Java/Extensions:/System/Library/Java/Extensions:/usr/lib/java"/>
    <property name="sun.io.unicode.encoding" value="UnicodeBig"/>
    <property name="java.class.version" value="52.0"/>
  </properties>
  <testcase name="get_promotion_list on get_promotion_list(com.tester.cases.DouyinTest)" classname="com.tester.cases.DouyinTest" time="1.047"/>
  <testcase name="video_comment on video_comment(com.tester.cases.Douyinv1Test)" classname="com.tester.cases.Douyinv1Test" time="0.336"/>
  <testcase name="user_info on user_info(com.tester.cases.Douyinv1Test)" classname="com.tester.cases.Douyinv1Test" time="0.352"/>
  <testcase name="user_goods on user_goods(com.tester.cases.Douyinv1Test)" classname="com.tester.cases.Douyinv1Test" time="0.41"/>
  <testcase name="user_video on user_video(com.tester.cases.Douyinv1Test)" classname="com.tester.cases.Douyinv1Test" time="0.523"/>
  <testcase name="get_user_following_list on get_user_following_list(com.tester.cases.DouyinLiteTest)" classname="com.tester.cases.DouyinLiteTest" time="0.656"/>
  <testcase name="crawlShopVenderId on crawlShopVenderId(com.tester.cases.JingDongTest)" classname="com.tester.cases.JingDongTest" time="0.356"/>
  <testcase name="crawlShopDetails on crawlShopDetails(com.tester.cases.JingDongTest)" classname="com.tester.cases.JingDongTest" time="0.298"/>
  <testcase name="crawlSkuPrices on crawlSkuPrices(com.tester.cases.JingDongTest)" classname="com.tester.cases.JingDongTest" time="0.744"/>
  <testcase name="crawlCommentsCounts on crawlCommentsCounts(com.tester.cases.JingDongTest)" classname="com.tester.cases.JingDongTest" time="0.41"/>
  <testcase name="crawlPageByBrandName on crawlPageByBrandName(com.tester.cases.JingDongTest)" classname="com.tester.cases.JingDongTest" time="1.087"/>
  <testcase name="crawlSkuCommentAndCount on crawlSkuCommentAndCount(com.tester.cases.JingDongTest)" classname="com.tester.cases.JingDongTest" time="0.571"/>
  <testcase name="crawlSkuComment on crawlSkuComment(com.tester.cases.JingDongTest)" classname="com.tester.cases.JingDongTest" time="0.568"/>
  <testcase name="crawlPageShopProducts on crawlPageShopProducts(com.tester.cases.JingDongTest)" classname="com.tester.cases.JingDongTest" time="0.525"/>
  <testcase name="get_live_square_list on get_live_square_list(com.tester.cases.KuaiShouV1Test)" classname="com.tester.cases.KuaiShouV1Test" time="1.562"/>
  <testcase name="get_live_top_users on get_live_top_users(com.tester.cases.KuaiShouV1Test)" classname="com.tester.cases.KuaiShouV1Test" time="1.098"/>
  <testcase name="video_comment on video_comment(com.tester.cases.KuaiShouV1Test)" classname="com.tester.cases.KuaiShouV1Test" time="0.463"/>
  <testcase name="nearby_feed on nearby_feed(com.tester.cases.KuaiShouV1Test)" classname="com.tester.cases.KuaiShouV1Test" time="0.503"/>
  <testcase name="video_detail on video_detail(com.tester.cases.KuaiShouV1Test)" classname="com.tester.cases.KuaiShouV1Test" time="5.583"/>
  <testcase name="hot_feed on hot_feed(com.tester.cases.KuaiShouV1Test)" classname="com.tester.cases.KuaiShouV1Test" time="0.639"/>
  <testcase name="get_live_goods on get_live_goods(com.tester.cases.KuaiShouV1Test)" classname="com.tester.cases.KuaiShouV1Test" time="1.822"/>
  <testcase name="get_live_users on get_live_users(com.tester.cases.KuaiShouV1Test)" classname="com.tester.cases.KuaiShouV1Test" time="0.961"/>
  <testcase name="user_info on user_info(com.tester.cases.KuaiShouV1Test)" classname="com.tester.cases.KuaiShouV1Test" time="0.579"/>
  <testcase name="share_video on share_video(com.tester.cases.KuaiShouV1Test)" classname="com.tester.cases.KuaiShouV1Test" time="26.821"/>
  <testcase name="product_list on product_list(com.tester.cases.KuaiShouV1Test)" classname="com.tester.cases.KuaiShouV1Test" time="0.601"/>
  <testcase name="get_live_square_refresh on get_live_square_refresh(com.tester.cases.KuaiShouV1Test)" classname="com.tester.cases.KuaiShouV1Test" time="1.013"/>
  <testcase name="get_live_info on get_live_info(com.tester.cases.KuaiShouV1Test)" classname="com.tester.cases.KuaiShouV1Test" time="0.426"/>
  <testcase name="get_live_district_rank on get_live_district_rank(com.tester.cases.KuaiShouV1Test)" classname="com.tester.cases.KuaiShouV1Test" time="1.575"/>
  <testcase name="user_video on user_video(com.tester.cases.KuaiShouV1Test)" classname="com.tester.cases.KuaiShouV1Test" time="0.88"/>
  <testcase name="note_comments on note_comments(com.tester.cases.XHSv1Test)" classname="com.tester.cases.XHSv1Test" time="0.771"/>
  <testcase name="video_detail on video_detail(com.tester.cases.XHSv1Test)" classname="com.tester.cases.XHSv1Test" time="0.979"/>
  <testcase name="user_fans on user_fans(com.tester.cases.XHSv1Test)" classname="com.tester.cases.XHSv1Test" time="1.518"/>
  <testcase name="user_info on user_info(com.tester.cases.XHSv1Test)" classname="com.tester.cases.XHSv1Test" time="0.614"/>
  <testcase name="user_note on user_note(com.tester.cases.XHSv1Test)" classname="com.tester.cases.XHSv1Test" time="0.725"/>
  <testcase name="note_detail on note_detail(com.tester.cases.XHSv1Test)" classname="com.tester.cases.XHSv1Test" time="0.71"/>
  <testcase name="user_focus on user_focus(com.tester.cases.XHSv1Test)" classname="com.tester.cases.XHSv1Test" time="0.733"/>
  <testcase name="user_video on user_video(com.tester.cases.XHSv1Test)" classname="com.tester.cases.XHSv1Test" time="1.184"/>
  <testcase name="home_feed on home_feed(com.tester.cases.XHSv1Test)" classname="com.tester.cases.XHSv1Test" time="1.473"/>
  <testcase name="get_promotion_list on get_promotion_list(com.tester.cases.DouyinAweTest)" classname="com.tester.cases.DouyinAweTest" time="0.405"/>
  <testcase name="get_aweme_comment on get_aweme_comment(com.tester.cases.DouyinAweTest)" classname="com.tester.cases.DouyinAweTest" time="0.278"/>
  <testcase name="get_user_info on get_user_info(com.tester.cases.DouyinAweTest)" classname="com.tester.cases.DouyinAweTest" time="11.267"/>
  <testcase name="get_aweme_info on get_aweme_info(com.tester.cases.DouyinAweTest)" classname="com.tester.cases.DouyinAweTest" time="0.62"/>
  <testcase name="get_aweme_list on get_aweme_list(com.tester.cases.DouyinAweTest)" classname="com.tester.cases.DouyinAweTest" time="0.665"/>
  <testcase name="items on items(com.tester.cases.JingDongCPSTest)" classname="com.tester.cases.JingDongCPSTest" time="0.805"/>
  <testcase name="homepage_shops on homepage_shops(com.tester.cases.MeiTuanTest)" classname="com.tester.cases.MeiTuanTest" time="1.086"/>
  <testcase name="shop_comments on shop_comments(com.tester.cases.MeiTuanTest)" classname="com.tester.cases.MeiTuanTest" time="0.705"/>
  <testcase name="call_nums on call_nums(com.tester.cases.MeiTuanTest)" classname="com.tester.cases.MeiTuanTest" time="0.075"/>
  <testcase name="shop_foods on shop_foods(com.tester.cases.MeiTuanTest)" classname="com.tester.cases.MeiTuanTest" time="0.977"/>
  <testcase name="user_info on user_info(com.tester.cases.DouyinShareTest)" classname="com.tester.cases.DouyinShareTest" time="0.383"/>
  <testcase name="user_video on user_video(com.tester.cases.DouyinShareTest)" classname="com.tester.cases.DouyinShareTest" time="1.786"/>
  <testcase name="get_tb_comment on get_tb_comment(com.tester.cases.TBTest)" classname="com.tester.cases.TBTest" time="2.066"/>
  <testcase name="get_mall_similar_goods on get_mall_similar_goods(com.tester.cases.PddTest)" classname="com.tester.cases.PddTest" time="0.911"/>
  <testcase name="get_goods_detail on get_goods_detail(com.tester.cases.PddTest)" classname="com.tester.cases.PddTest" time="4.203"/>
  <testcase name="get_limited_seckill on get_limited_seckill(com.tester.cases.PddTest)" classname="com.tester.cases.PddTest" time="0.73"/>
  <testcase name="get_daily_good_mall on get_daily_good_mall(com.tester.cases.PddTest)" classname="com.tester.cases.PddTest" time="0.536"/>
  <testcase name="get_mall_info on get_mall_info(com.tester.cases.PddTest)" classname="com.tester.cases.PddTest" time="0.55"/>
  <testcase name="get_fenlei_goods on get_fenlei_goods(com.tester.cases.PddTest)" classname="com.tester.cases.PddTest" time="36.402"/>
  <testcase name="get_similar_goods on get_similar_goods(com.tester.cases.PddTest)" classname="com.tester.cases.PddTest" time="0.818"/>
  <testcase name="get_hot_goods on get_hot_goods(com.tester.cases.PddTest)" classname="com.tester.cases.PddTest" time="0.557"/>
  <testcase name="get_clearance_sale_goods on get_clearance_sale_goods(com.tester.cases.PddTest)" classname="com.tester.cases.PddTest" time="0.629"/>
  <testcase name="get_mall_most_goods on get_mall_most_goods(com.tester.cases.PddTest)" classname="com.tester.cases.PddTest" time="0.737"/>
  <testcase name="get_99_goods on get_99_goods(com.tester.cases.PddTest)" classname="com.tester.cases.PddTest" time="0.581"/>
  <testcase name="get_new_clothes_goods on get_new_clothes_goods(com.tester.cases.PddTest)" classname="com.tester.cases.PddTest" time="0.665"/>
  <testcase name="get_love_shopping_goods on get_love_shopping_goods(com.tester.cases.PddTest)" classname="com.tester.cases.PddTest" time="0.79"/>
  <testcase name="get_electrical_goods on get_electrical_goods(com.tester.cases.PddTest)" classname="com.tester.cases.PddTest" time="1.258"/>
  <testcase name="get_pdd_date on get_pdd_date(com.tester.cases.PddTest)" classname="com.tester.cases.PddTest" time="1.208"/>
  <testcase name="get_subsidy_goods on get_subsidy_goods(com.tester.cases.PddTest)" classname="com.tester.cases.PddTest" time="1.032"/>
  <testcase name="get_cat_id_list on get_cat_id_list(com.tester.cases.PddTest)" classname="com.tester.cases.PddTest" time="0.055"/>
  <testcase name="ice_shopping_tab on ice_shopping_tab(com.tester.cases.DuTest)" classname="com.tester.cases.DuTest" time="1.674"/>
  <testcase name="sold_list on sold_list(com.tester.cases.DuTest)" classname="com.tester.cases.DuTest" time="1.579"/>
  <testcase name="call_nums on call_nums(com.tester.cases.DuTest)" classname="com.tester.cases.DuTest" time="0.088"/>
  <testcase name="item_detail on item_detail(com.tester.cases.DuTest)" classname="com.tester.cases.DuTest" time="1.572"/>
  <testcase name="ice_shopping on ice_shopping(com.tester.cases.DuTest)" classname="com.tester.cases.DuTest" time="1.571"/>
  <testcase name="item_list on item_list(com.tester.cases.KaoLaTest)" classname="com.tester.cases.KaoLaTest" time="1.118"/>
  <testcase name="shop_info on shop_info(com.tester.cases.KaoLaTest)" classname="com.tester.cases.KaoLaTest" time="0.845"/>
  <testcase name="shop_item on shop_item(com.tester.cases.KaoLaTest)" classname="com.tester.cases.KaoLaTest" time="0.627"/>
  <testcase name="item_detail on item_detail(com.tester.cases.KaoLaTest)" classname="com.tester.cases.KaoLaTest" time="1.421"/>
  <testcase name="leaf_cate on leaf_cate(com.tester.cases.KaoLaTest)" classname="com.tester.cases.KaoLaTest" time="0.389"/>
  <testcase name="item_comm on item_comm(com.tester.cases.XHSv2Test)" classname="com.tester.cases.XHSv2Test" time="0.381"/>
  <testcase name="item_info on item_info(com.tester.cases.XHSv2Test)" classname="com.tester.cases.XHSv2Test" time="0.23"/>
  <testcase name="shop_font on shop_font(com.tester.cases.XHSv2Test)" classname="com.tester.cases.XHSv2Test" time="0.392"/>
  <testcase name="shop_info on shop_info(com.tester.cases.XHSv2Test)" classname="com.tester.cases.XHSv2Test" time="0.727"/>
  <testcase name="item_price on item_price(com.tester.cases.XHSv2Test)" classname="com.tester.cases.XHSv2Test" time="0.701"/>
  <testcase name="note_comments on note_comments(com.tester.cases.XHSv2Test)" classname="com.tester.cases.XHSv2Test" time="1.408"/>
  <testcase name="call_nums on call_nums(com.tester.cases.XHSv2Test)" classname="com.tester.cases.XHSv2Test" time="0.076"/>
  <testcase name="shop_items on shop_items(com.tester.cases.XHSv2Test)" classname="com.tester.cases.XHSv2Test" time="0.584"/>
  <testcase name="channel_refresh on channel_refresh(com.tester.cases.XHSv2Test)" classname="com.tester.cases.XHSv2Test" time="0.469"/>
  <testcase name="video_detail on video_detail(com.tester.cases.XHSv2Test)" classname="com.tester.cases.XHSv2Test" time="0.748"/>
  <testcase name="item_search on item_search(com.tester.cases.XHSv2Test)" classname="com.tester.cases.XHSv2Test" time="0.396"/>
  <testcase name="topic_notes on topic_notes(com.tester.cases.XHSv2Test)" classname="com.tester.cases.XHSv2Test" time="1.658"/>
  <testcase name="user_fans on user_fans(com.tester.cases.XHSv2Test)" classname="com.tester.cases.XHSv2Test" time="1.737"/>
  <testcase name="user_info on user_info(com.tester.cases.XHSv2Test)" classname="com.tester.cases.XHSv2Test" time="0.98"/>
  <testcase name="user_note on user_note(com.tester.cases.XHSv2Test)" classname="com.tester.cases.XHSv2Test" time="1.697"/>
  <testcase name="note_detail on note_detail(com.tester.cases.XHSv2Test)" classname="com.tester.cases.XHSv2Test" time="0.788"/>
  <testcase name="user_focus on user_focus(com.tester.cases.XHSv2Test)" classname="com.tester.cases.XHSv2Test" time="2.363"/>
  <testcase name="user_video on user_video(com.tester.cases.XHSv2Test)" classname="com.tester.cases.XHSv2Test" time="0.819"/>
  <testcase name="note_search on note_search(com.tester.cases.XHSv2Test)" classname="com.tester.cases.XHSv2Test" time="0.721"/>
  <testcase name="home_feed on home_feed(com.tester.cases.XHSv2Test)" classname="com.tester.cases.XHSv2Test" time="0.818"/>
  <testcase name="get_live_square_list on get_live_square_list(com.tester.cases.KuaiShouV2Test)" classname="com.tester.cases.KuaiShouV2Test" time="2.053"/>
  <testcase name="get_live_top_users on get_live_top_users(com.tester.cases.KuaiShouV2Test)" classname="com.tester.cases.KuaiShouV2Test" time="1.659"/>
  <testcase name="video_comment on video_comment(com.tester.cases.KuaiShouV2Test)" classname="com.tester.cases.KuaiShouV2Test" time="0.769"/>
  <testcase name="call_nums on call_nums(com.tester.cases.KuaiShouV2Test)" classname="com.tester.cases.KuaiShouV2Test" time="0.075"/>
  <testcase name="nearby_feed on nearby_feed(com.tester.cases.KuaiShouV2Test)" classname="com.tester.cases.KuaiShouV2Test" time="0.765"/>
  <testcase name="video_detail on video_detail(com.tester.cases.KuaiShouV2Test)" classname="com.tester.cases.KuaiShouV2Test" time="0.481"/>
  <testcase name="hot_feed on hot_feed(com.tester.cases.KuaiShouV2Test)" classname="com.tester.cases.KuaiShouV2Test" time="1.46"/>
  <testcase name="get_live_goods on get_live_goods(com.tester.cases.KuaiShouV2Test)" classname="com.tester.cases.KuaiShouV2Test" time="1.417"/>
  <testcase name="get_live_users on get_live_users(com.tester.cases.KuaiShouV2Test)" classname="com.tester.cases.KuaiShouV2Test" time="1.233"/>
  <testcase name="user_info on user_info(com.tester.cases.KuaiShouV2Test)" classname="com.tester.cases.KuaiShouV2Test" time="0.911"/>
  <testcase name="share_video on share_video(com.tester.cases.KuaiShouV2Test)" classname="com.tester.cases.KuaiShouV2Test" time="0.716"/>
  <testcase name="product_list on product_list(com.tester.cases.KuaiShouV2Test)" classname="com.tester.cases.KuaiShouV2Test" time="0.563"/>
  <testcase name="get_live_square_refresh on get_live_square_refresh(com.tester.cases.KuaiShouV2Test)" classname="com.tester.cases.KuaiShouV2Test" time="0.628"/>
  <testcase name="get_live_info on get_live_info(com.tester.cases.KuaiShouV2Test)" classname="com.tester.cases.KuaiShouV2Test" time="0.805"/>
  <testcase name="get_live_district_rank on get_live_district_rank(com.tester.cases.KuaiShouV2Test)" classname="com.tester.cases.KuaiShouV2Test" time="1.175"/>
  <testcase name="user_video on user_video(com.tester.cases.KuaiShouV2Test)" classname="com.tester.cases.KuaiShouV2Test" time="0.833"/>
</testsuite>