<?xml version="1.0" encoding="UTF-8"?>
<testsuite xmlns:xsi="http://www.w3.org/2001/XMLSchema-instance" xsi:noNamespaceSchemaLocation="https://maven.apache.org/surefire/maven-surefire-plugin/xsd/surefire-test-report.xsd" name="TestSuite" time="356.256" tests="151" errors="0" skipped="0" failures="0">
  <properties>
    <property name="java.specification.version" value="13"/>
    <property name="sun.jnu.encoding" value="UTF-8"/>
    <property name="java.class.path" value="/Users/yaokai/IdeaProjects/yktest/target/test-classes:/Users/yaokai/IdeaProjects/yktest/target/classes:/Users/yaokai/.m2/repository/org/apache/httpcomponents/httpclient/4.5.9/httpclient-4.5.9.jar:/Users/yaokai/.m2/repository/org/apache/httpcomponents/httpcore/4.4.11/httpcore-4.4.11.jar:/Users/yaokai/.m2/repository/commons-logging/commons-logging/1.2/commons-logging-1.2.jar:/Users/yaokai/.m2/repository/commons-codec/commons-codec/1.11/commons-codec-1.11.jar:/Users/yaokai/.m2/repository/org/json/json/20170516/json-20170516.jar:/Users/yaokai/.m2/repository/mysql/mysql-connector-java/8.0.18/mysql-connector-java-8.0.18.jar:/Users/yaokai/.m2/repository/com/google/protobuf/protobuf-java/3.6.1/protobuf-java-3.6.1.jar:/Users/yaokai/.m2/repository/com/relevantcodes/extentreports/2.41.1/extentreports-2.41.1.jar:/Users/yaokai/.m2/repository/org/jsoup/jsoup/1.8.3/jsoup-1.8.3.jar:/Users/yaokai/.m2/repository/org/xerial/sqlite-jdbc/3.8.11.1/sqlite-jdbc-3.8.11.1.jar:/Users/yaokai/.m2/repository/org/freemarker/freemarker/2.3.23/freemarker-2.3.23.jar:/Users/yaokai/.m2/repository/org/mongodb/mongodb-driver/3.0.4/mongodb-driver-3.0.4.jar:/Users/yaokai/.m2/repository/org/mongodb/bson/3.0.4/bson-3.0.4.jar:/Users/yaokai/.m2/repository/org/mongodb/mongodb-driver-core/3.0.4/mongodb-driver-core-3.0.4.jar:/Users/yaokai/.m2/repository/com/vimalselvam/testng-extentsreport/1.3.1/testng-extentsreport-1.3.1.jar:/Users/yaokai/.m2/repository/org/testng/testng/6.10/testng-6.10.jar:/Users/yaokai/.m2/repository/com/beust/jcommander/1.48/jcommander-1.48.jar:/Users/yaokai/.m2/repository/com/google/guava/guava/20.0/guava-20.0.jar:/Users/yaokai/.m2/repository/com/aventstack/extentreports/3.0.6/extentreports-3.0.6.jar:/Users/yaokai/.m2/repository/org/apache/httpcomponents/httpmime/4.5.2/httpmime-4.5.2.jar:/Users/yaokai/.m2/repository/com/alibaba/fastjson/1.2.46/fastjson-1.2.46.jar:/Users/yaokai/.m2/repository/org/projectlombok/lombok/1.16.22/lombok-1.16.22.jar:/Users/yaokai/.m2/repository/org/springframework/boot/spring-boot-starter-web/2.0.2.RELEASE/spring-boot-starter-web-2.0.2.RELEASE.jar:/Users/yaokai/.m2/repository/org/springframework/boot/spring-boot-starter/2.0.2.RELEASE/spring-boot-starter-2.0.2.RELEASE.jar:/Users/yaokai/.m2/repository/org/springframework/boot/spring-boot/2.0.2.RELEASE/spring-boot-2.0.2.RELEASE.jar:/Users/yaokai/.m2/repository/org/springframework/boot/spring-boot-autoconfigure/2.0.2.RELEASE/spring-boot-autoconfigure-2.0.2.RELEASE.jar:/Users/yaokai/.m2/repository/org/springframework/boot/spring-boot-starter-logging/2.0.2.RELEASE/spring-boot-starter-logging-2.0.2.RELEASE.jar:/Users/yaokai/.m2/repository/ch/qos/logback/logback-classic/1.2.3/logback-classic-1.2.3.jar:/Users/yaokai/.m2/repository/ch/qos/logback/logback-core/1.2.3/logback-core-1.2.3.jar:/Users/yaokai/.m2/repository/org/apache/logging/log4j/log4j-to-slf4j/2.10.0/log4j-to-slf4j-2.10.0.jar:/Users/yaokai/.m2/repository/org/apache/logging/log4j/log4j-api/2.10.0/log4j-api-2.10.0.jar:/Users/yaokai/.m2/repository/org/slf4j/jul-to-slf4j/1.7.25/jul-to-slf4j-1.7.25.jar:/Users/yaokai/.m2/repository/javax/annotation/javax.annotation-api/1.3.2/javax.annotation-api-1.3.2.jar:/Users/yaokai/.m2/repository/org/yaml/snakeyaml/1.19/snakeyaml-1.19.jar:/Users/yaokai/.m2/repository/org/springframework/boot/spring-boot-starter-json/2.0.2.RELEASE/spring-boot-starter-json-2.0.2.RELEASE.jar:/Users/yaokai/.m2/repository/com/fasterxml/jackson/core/jackson-databind/2.9.5/jackson-databind-2.9.5.jar:/Users/yaokai/.m2/repository/com/fasterxml/jackson/core/jackson-annotations/2.9.0/jackson-annotations-2.9.0.jar:/Users/yaokai/.m2/repository/com/fasterxml/jackson/core/jackson-core/2.9.5/jackson-core-2.9.5.jar:/Users/yaokai/.m2/repository/com/fasterxml/jackson/datatype/jackson-datatype-jdk8/2.9.5/jackson-datatype-jdk8-2.9.5.jar:/Users/yaokai/.m2/repository/com/fasterxml/jackson/datatype/jackson-datatype-jsr310/2.9.5/jackson-datatype-jsr310-2.9.5.jar:/Users/yaokai/.m2/repository/com/fasterxml/jackson/module/jackson-module-parameter-names/2.9.5/jackson-module-parameter-names-2.9.5.jar:/Users/yaokai/.m2/repository/org/springframework/boot/spring-boot-starter-tomcat/2.0.2.RELEASE/spring-boot-starter-tomcat-2.0.2.RELEASE.jar:/Users/yaokai/.m2/repository/org/apache/tomcat/embed/tomcat-embed-core/8.5.31/tomcat-embed-core-8.5.31.jar:/Users/yaokai/.m2/repository/org/apache/tomcat/embed/tomcat-embed-el/8.5.31/tomcat-embed-el-8.5.31.jar:/Users/yaokai/.m2/repository/org/apache/tomcat/embed/tomcat-embed-websocket/8.5.31/tomcat-embed-websocket-8.5.31.jar:/Users/yaokai/.m2/repository/org/hibernate/validator/hibernate-validator/6.0.9.Final/hibernate-validator-6.0.9.Final.jar:/Users/yaokai/.m2/repository/javax/validation/validation-api/2.0.1.Final/validation-api-2.0.1.Final.jar:/Users/yaokai/.m2/repository/org/jboss/logging/jboss-logging/3.3.2.Final/jboss-logging-3.3.2.Final.jar:/Users/yaokai/.m2/repository/org/springframework/spring-web/5.0.6.RELEASE/spring-web-5.0.6.RELEASE.jar:/Users/yaokai/.m2/repository/org/springframework/spring-beans/5.0.6.RELEASE/spring-beans-5.0.6.RELEASE.jar:/Users/yaokai/.m2/repository/org/springframework/spring-webmvc/5.0.6.RELEASE/spring-webmvc-5.0.6.RELEASE.jar:/Users/yaokai/.m2/repository/org/springframework/spring-aop/5.0.6.RELEASE/spring-aop-5.0.6.RELEASE.jar:/Users/yaokai/.m2/repository/org/springframework/spring-context/5.0.6.RELEASE/spring-context-5.0.6.RELEASE.jar:/Users/yaokai/.m2/repository/org/springframework/spring-expression/5.0.6.RELEASE/spring-expression-5.0.6.RELEASE.jar:/Users/yaokai/.m2/repository/io/springfox/springfox-swagger-ui/2.6.1/springfox-swagger-ui-2.6.1.jar:/Users/yaokai/.m2/repository/io/springfox/springfox-spring-web/2.6.1/springfox-spring-web-2.6.1.jar:/Users/yaokai/.m2/repository/io/springfox/springfox-swagger2/2.6.1/springfox-swagger2-2.6.1.jar:/Users/yaokai/.m2/repository/io/swagger/swagger-annotations/1.5.10/swagger-annotations-1.5.10.jar:/Users/yaokai/.m2/repository/io/swagger/swagger-models/1.5.10/swagger-models-1.5.10.jar:/Users/yaokai/.m2/repository/io/springfox/springfox-spi/2.6.1/springfox-spi-2.6.1.jar:/Users/yaokai/.m2/repository/io/springfox/springfox-core/2.6.1/springfox-core-2.6.1.jar:/Users/yaokai/.m2/repository/io/springfox/springfox-schema/2.6.1/springfox-schema-2.6.1.jar:/Users/yaokai/.m2/repository/io/springfox/springfox-swagger-common/2.6.1/springfox-swagger-common-2.6.1.jar:/Users/yaokai/.m2/repository/com/fasterxml/classmate/1.3.1/classmate-1.3.1.jar:/Users/yaokai/.m2/repository/org/slf4j/slf4j-api/1.7.21/slf4j-api-1.7.21.jar:/Users/yaokai/.m2/repository/org/springframework/plugin/spring-plugin-core/1.2.0.RELEASE/spring-plugin-core-1.2.0.RELEASE.jar:/Users/yaokai/.m2/repository/org/springframework/plugin/spring-plugin-metadata/1.2.0.RELEASE/spring-plugin-metadata-1.2.0.RELEASE.jar:/Users/yaokai/.m2/repository/org/mapstruct/mapstruct/1.0.0.Final/mapstruct-1.0.0.Final.jar:/Users/yaokai/.m2/repository/org/mybatis/spring/boot/mybatis-spring-boot-starter/2.0.0/mybatis-spring-boot-starter-2.0.0.jar:/Users/yaokai/.m2/repository/org/springframework/boot/spring-boot-starter-jdbc/2.0.8.RELEASE/spring-boot-starter-jdbc-2.0.8.RELEASE.jar:/Users/yaokai/.m2/repository/com/zaxxer/HikariCP/2.7.9/HikariCP-2.7.9.jar:/Users/yaokai/.m2/repository/org/springframework/spring-jdbc/5.0.12.RELEASE/spring-jdbc-5.0.12.RELEASE.jar:/Users/yaokai/.m2/repository/org/springframework/spring-tx/5.0.12.RELEASE/spring-tx-5.0.12.RELEASE.jar:/Users/yaokai/.m2/repository/org/mybatis/spring/boot/mybatis-spring-boot-autoconfigure/2.0.0/mybatis-spring-boot-autoconfigure-2.0.0.jar:/Users/yaokai/.m2/repository/org/mybatis/mybatis/3.5.0/mybatis-3.5.0.jar:/Users/yaokai/.m2/repository/org/mybatis/mybatis-spring/2.0.0/mybatis-spring-2.0.0.jar:/Users/yaokai/.m2/repository/org/springframework/boot/spring-boot-starter-test/2.0.2.RELEASE/spring-boot-starter-test-2.0.2.RELEASE.jar:/Users/yaokai/.m2/repository/org/springframework/boot/spring-boot-test/2.0.2.RELEASE/spring-boot-test-2.0.2.RELEASE.jar:/Users/yaokai/.m2/repository/org/springframework/boot/spring-boot-test-autoconfigure/2.0.2.RELEASE/spring-boot-test-autoconfigure-2.0.2.RELEASE.jar:/Users/yaokai/.m2/repository/com/jayway/jsonpath/json-path/2.4.0/json-path-2.4.0.jar:/Users/yaokai/.m2/repository/net/minidev/json-smart/2.3/json-smart-2.3.jar:/Users/yaokai/.m2/repository/net/minidev/accessors-smart/1.2/accessors-smart-1.2.jar:/Users/yaokai/.m2/repository/org/ow2/asm/asm/5.0.4/asm-5.0.4.jar:/Users/yaokai/.m2/repository/junit/junit/4.12/junit-4.12.jar:/Users/yaokai/.m2/repository/org/assertj/assertj-core/3.9.1/assertj-core-3.9.1.jar:/Users/yaokai/.m2/repository/org/mockito/mockito-core/2.15.0/mockito-core-2.15.0.jar:/Users/yaokai/.m2/repository/net/bytebuddy/byte-buddy/1.7.9/byte-buddy-1.7.9.jar:/Users/yaokai/.m2/repository/net/bytebuddy/byte-buddy-agent/1.7.9/byte-buddy-agent-1.7.9.jar:/Users/yaokai/.m2/repository/org/objenesis/objenesis/2.6/objenesis-2.6.jar:/Users/yaokai/.m2/repository/org/hamcrest/hamcrest-core/1.3/hamcrest-core-1.3.jar:/Users/yaokai/.m2/repository/org/hamcrest/hamcrest-library/1.3/hamcrest-library-1.3.jar:/Users/yaokai/.m2/repository/org/skyscreamer/jsonassert/1.5.0/jsonassert-1.5.0.jar:/Users/yaokai/.m2/repository/com/vaadin/external/google/android-json/0.0.20131108.vaadin1/android-json-0.0.20131108.vaadin1.jar:/Users/yaokai/.m2/repository/org/springframework/spring-core/5.0.6.RELEASE/spring-core-5.0.6.RELEASE.jar:/Users/yaokai/.m2/repository/org/springframework/spring-jcl/5.0.6.RELEASE/spring-jcl-5.0.6.RELEASE.jar:/Users/yaokai/.m2/repository/org/springframework/spring-test/5.0.6.RELEASE/spring-test-5.0.6.RELEASE.jar:/Users/yaokai/.m2/repository/org/xmlunit/xmlunit-core/2.5.1/xmlunit-core-2.5.1.jar:/Users/yaokai/.m2/repository/org/springframework/retry/spring-retry/1.2.5.RELEASE/spring-retry-1.2.5.RELEASE.jar:/Users/yaokai/.m2/repository/org/apache/maven/surefire/surefire-testng-utils/2.21.0/surefire-testng-utils-2.21.0.jar:/Users/yaokai/.m2/repository/org/apache/maven/surefire/surefire-grouper/2.21.0/surefire-grouper-2.21.0.jar:"/>
    <property name="java.vm.vendor" value="Oracle Corporation"/>
    <property name="sun.arch.data.model" value="64"/>
    <property name="java.vendor.url" value="https://java.oracle.com/"/>
    <property name="os.name" value="Mac OS X"/>
    <property name="java.vm.specification.version" value="13"/>
    <property name="sun.java.launcher" value="SUN_STANDARD"/>
    <property name="user.country" value="CN"/>
    <property name="sun.boot.library.path" value="/Library/Java/JavaVirtualMachines/jdk-13.0.1.jdk/Contents/Home/lib"/>
    <property name="sun.java.command" value="/Users/yaokai/IdeaProjects/yktest/target/surefire/surefirebooter4787946540102076585.jar /Users/yaokai/IdeaProjects/yktest/target/surefire 2020-04-28T09-24-17_313-jvmRun1 surefire7294932172512699003tmp surefire_015182788664858507215tmp"/>
    <property name="jdk.debug" value="release"/>
    <property name="surefire.test.class.path" value="/Users/yaokai/IdeaProjects/yktest/target/test-classes:/Users/yaokai/IdeaProjects/yktest/target/classes:/Users/yaokai/.m2/repository/org/apache/httpcomponents/httpclient/4.5.9/httpclient-4.5.9.jar:/Users/yaokai/.m2/repository/org/apache/httpcomponents/httpcore/4.4.11/httpcore-4.4.11.jar:/Users/yaokai/.m2/repository/commons-logging/commons-logging/1.2/commons-logging-1.2.jar:/Users/yaokai/.m2/repository/commons-codec/commons-codec/1.11/commons-codec-1.11.jar:/Users/yaokai/.m2/repository/org/json/json/20170516/json-20170516.jar:/Users/yaokai/.m2/repository/mysql/mysql-connector-java/8.0.18/mysql-connector-java-8.0.18.jar:/Users/yaokai/.m2/repository/com/google/protobuf/protobuf-java/3.6.1/protobuf-java-3.6.1.jar:/Users/yaokai/.m2/repository/com/relevantcodes/extentreports/2.41.1/extentreports-2.41.1.jar:/Users/yaokai/.m2/repository/org/jsoup/jsoup/1.8.3/jsoup-1.8.3.jar:/Users/yaokai/.m2/repository/org/xerial/sqlite-jdbc/3.8.11.1/sqlite-jdbc-3.8.11.1.jar:/Users/yaokai/.m2/repository/org/freemarker/freemarker/2.3.23/freemarker-2.3.23.jar:/Users/yaokai/.m2/repository/org/mongodb/mongodb-driver/3.0.4/mongodb-driver-3.0.4.jar:/Users/yaokai/.m2/repository/org/mongodb/bson/3.0.4/bson-3.0.4.jar:/Users/yaokai/.m2/repository/org/mongodb/mongodb-driver-core/3.0.4/mongodb-driver-core-3.0.4.jar:/Users/yaokai/.m2/repository/com/vimalselvam/testng-extentsreport/1.3.1/testng-extentsreport-1.3.1.jar:/Users/yaokai/.m2/repository/org/testng/testng/6.10/testng-6.10.jar:/Users/yaokai/.m2/repository/com/beust/jcommander/1.48/jcommander-1.48.jar:/Users/yaokai/.m2/repository/com/google/guava/guava/20.0/guava-20.0.jar:/Users/yaokai/.m2/repository/com/aventstack/extentreports/3.0.6/extentreports-3.0.6.jar:/Users/yaokai/.m2/repository/org/apache/httpcomponents/httpmime/4.5.2/httpmime-4.5.2.jar:/Users/yaokai/.m2/repository/com/alibaba/fastjson/1.2.46/fastjson-1.2.46.jar:/Users/yaokai/.m2/repository/org/projectlombok/lombok/1.16.22/lombok-1.16.22.jar:/Users/yaokai/.m2/repository/org/springframework/boot/spring-boot-starter-web/2.0.2.RELEASE/spring-boot-starter-web-2.0.2.RELEASE.jar:/Users/yaokai/.m2/repository/org/springframework/boot/spring-boot-starter/2.0.2.RELEASE/spring-boot-starter-2.0.2.RELEASE.jar:/Users/yaokai/.m2/repository/org/springframework/boot/spring-boot/2.0.2.RELEASE/spring-boot-2.0.2.RELEASE.jar:/Users/yaokai/.m2/repository/org/springframework/boot/spring-boot-autoconfigure/2.0.2.RELEASE/spring-boot-autoconfigure-2.0.2.RELEASE.jar:/Users/yaokai/.m2/repository/org/springframework/boot/spring-boot-starter-logging/2.0.2.RELEASE/spring-boot-starter-logging-2.0.2.RELEASE.jar:/Users/yaokai/.m2/repository/ch/qos/logback/logback-classic/1.2.3/logback-classic-1.2.3.jar:/Users/yaokai/.m2/repository/ch/qos/logback/logback-core/1.2.3/logback-core-1.2.3.jar:/Users/yaokai/.m2/repository/org/apache/logging/log4j/log4j-to-slf4j/2.10.0/log4j-to-slf4j-2.10.0.jar:/Users/yaokai/.m2/repository/org/apache/logging/log4j/log4j-api/2.10.0/log4j-api-2.10.0.jar:/Users/yaokai/.m2/repository/org/slf4j/jul-to-slf4j/1.7.25/jul-to-slf4j-1.7.25.jar:/Users/yaokai/.m2/repository/javax/annotation/javax.annotation-api/1.3.2/javax.annotation-api-1.3.2.jar:/Users/yaokai/.m2/repository/org/yaml/snakeyaml/1.19/snakeyaml-1.19.jar:/Users/yaokai/.m2/repository/org/springframework/boot/spring-boot-starter-json/2.0.2.RELEASE/spring-boot-starter-json-2.0.2.RELEASE.jar:/Users/yaokai/.m2/repository/com/fasterxml/jackson/core/jackson-databind/2.9.5/jackson-databind-2.9.5.jar:/Users/yaokai/.m2/repository/com/fasterxml/jackson/core/jackson-annotations/2.9.0/jackson-annotations-2.9.0.jar:/Users/yaokai/.m2/repository/com/fasterxml/jackson/core/jackson-core/2.9.5/jackson-core-2.9.5.jar:/Users/yaokai/.m2/repository/com/fasterxml/jackson/datatype/jackson-datatype-jdk8/2.9.5/jackson-datatype-jdk8-2.9.5.jar:/Users/yaokai/.m2/repository/com/fasterxml/jackson/datatype/jackson-datatype-jsr310/2.9.5/jackson-datatype-jsr310-2.9.5.jar:/Users/yaokai/.m2/repository/com/fasterxml/jackson/module/jackson-module-parameter-names/2.9.5/jackson-module-parameter-names-2.9.5.jar:/Users/yaokai/.m2/repository/org/springframework/boot/spring-boot-starter-tomcat/2.0.2.RELEASE/spring-boot-starter-tomcat-2.0.2.RELEASE.jar:/Users/yaokai/.m2/repository/org/apache/tomcat/embed/tomcat-embed-core/8.5.31/tomcat-embed-core-8.5.31.jar:/Users/yaokai/.m2/repository/org/apache/tomcat/embed/tomcat-embed-el/8.5.31/tomcat-embed-el-8.5.31.jar:/Users/yaokai/.m2/repository/org/apache/tomcat/embed/tomcat-embed-websocket/8.5.31/tomcat-embed-websocket-8.5.31.jar:/Users/yaokai/.m2/repository/org/hibernate/validator/hibernate-validator/6.0.9.Final/hibernate-validator-6.0.9.Final.jar:/Users/yaokai/.m2/repository/javax/validation/validation-api/2.0.1.Final/validation-api-2.0.1.Final.jar:/Users/yaokai/.m2/repository/org/jboss/logging/jboss-logging/3.3.2.Final/jboss-logging-3.3.2.Final.jar:/Users/yaokai/.m2/repository/org/springframework/spring-web/5.0.6.RELEASE/spring-web-5.0.6.RELEASE.jar:/Users/yaokai/.m2/repository/org/springframework/spring-beans/5.0.6.RELEASE/spring-beans-5.0.6.RELEASE.jar:/Users/yaokai/.m2/repository/org/springframework/spring-webmvc/5.0.6.RELEASE/spring-webmvc-5.0.6.RELEASE.jar:/Users/yaokai/.m2/repository/org/springframework/spring-aop/5.0.6.RELEASE/spring-aop-5.0.6.RELEASE.jar:/Users/yaokai/.m2/repository/org/springframework/spring-context/5.0.6.RELEASE/spring-context-5.0.6.RELEASE.jar:/Users/yaokai/.m2/repository/org/springframework/spring-expression/5.0.6.RELEASE/spring-expression-5.0.6.RELEASE.jar:/Users/yaokai/.m2/repository/io/springfox/springfox-swagger-ui/2.6.1/springfox-swagger-ui-2.6.1.jar:/Users/yaokai/.m2/repository/io/springfox/springfox-spring-web/2.6.1/springfox-spring-web-2.6.1.jar:/Users/yaokai/.m2/repository/io/springfox/springfox-swagger2/2.6.1/springfox-swagger2-2.6.1.jar:/Users/yaokai/.m2/repository/io/swagger/swagger-annotations/1.5.10/swagger-annotations-1.5.10.jar:/Users/yaokai/.m2/repository/io/swagger/swagger-models/1.5.10/swagger-models-1.5.10.jar:/Users/yaokai/.m2/repository/io/springfox/springfox-spi/2.6.1/springfox-spi-2.6.1.jar:/Users/yaokai/.m2/repository/io/springfox/springfox-core/2.6.1/springfox-core-2.6.1.jar:/Users/yaokai/.m2/repository/io/springfox/springfox-schema/2.6.1/springfox-schema-2.6.1.jar:/Users/yaokai/.m2/repository/io/springfox/springfox-swagger-common/2.6.1/springfox-swagger-common-2.6.1.jar:/Users/yaokai/.m2/repository/com/fasterxml/classmate/1.3.1/classmate-1.3.1.jar:/Users/yaokai/.m2/repository/org/slf4j/slf4j-api/1.7.21/slf4j-api-1.7.21.jar:/Users/yaokai/.m2/repository/org/springframework/plugin/spring-plugin-core/1.2.0.RELEASE/spring-plugin-core-1.2.0.RELEASE.jar:/Users/yaokai/.m2/repository/org/springframework/plugin/spring-plugin-metadata/1.2.0.RELEASE/spring-plugin-metadata-1.2.0.RELEASE.jar:/Users/yaokai/.m2/repository/org/mapstruct/mapstruct/1.0.0.Final/mapstruct-1.0.0.Final.jar:/Users/yaokai/.m2/repository/org/mybatis/spring/boot/mybatis-spring-boot-starter/2.0.0/mybatis-spring-boot-starter-2.0.0.jar:/Users/yaokai/.m2/repository/org/springframework/boot/spring-boot-starter-jdbc/2.0.8.RELEASE/spring-boot-starter-jdbc-2.0.8.RELEASE.jar:/Users/yaokai/.m2/repository/com/zaxxer/HikariCP/2.7.9/HikariCP-2.7.9.jar:/Users/yaokai/.m2/repository/org/springframework/spring-jdbc/5.0.12.RELEASE/spring-jdbc-5.0.12.RELEASE.jar:/Users/yaokai/.m2/repository/org/springframework/spring-tx/5.0.12.RELEASE/spring-tx-5.0.12.RELEASE.jar:/Users/yaokai/.m2/repository/org/mybatis/spring/boot/mybatis-spring-boot-autoconfigure/2.0.0/mybatis-spring-boot-autoconfigure-2.0.0.jar:/Users/yaokai/.m2/repository/org/mybatis/mybatis/3.5.0/mybatis-3.5.0.jar:/Users/yaokai/.m2/repository/org/mybatis/mybatis-spring/2.0.0/mybatis-spring-2.0.0.jar:/Users/yaokai/.m2/repository/org/springframework/boot/spring-boot-starter-test/2.0.2.RELEASE/spring-boot-starter-test-2.0.2.RELEASE.jar:/Users/yaokai/.m2/repository/org/springframework/boot/spring-boot-test/2.0.2.RELEASE/spring-boot-test-2.0.2.RELEASE.jar:/Users/yaokai/.m2/repository/org/springframework/boot/spring-boot-test-autoconfigure/2.0.2.RELEASE/spring-boot-test-autoconfigure-2.0.2.RELEASE.jar:/Users/yaokai/.m2/repository/com/jayway/jsonpath/json-path/2.4.0/json-path-2.4.0.jar:/Users/yaokai/.m2/repository/net/minidev/json-smart/2.3/json-smart-2.3.jar:/Users/yaokai/.m2/repository/net/minidev/accessors-smart/1.2/accessors-smart-1.2.jar:/Users/yaokai/.m2/repository/org/ow2/asm/asm/5.0.4/asm-5.0.4.jar:/Users/yaokai/.m2/repository/junit/junit/4.12/junit-4.12.jar:/Users/yaokai/.m2/repository/org/assertj/assertj-core/3.9.1/assertj-core-3.9.1.jar:/Users/yaokai/.m2/repository/org/mockito/mockito-core/2.15.0/mockito-core-2.15.0.jar:/Users/yaokai/.m2/repository/net/bytebuddy/byte-buddy/1.7.9/byte-buddy-1.7.9.jar:/Users/yaokai/.m2/repository/net/bytebuddy/byte-buddy-agent/1.7.9/byte-buddy-agent-1.7.9.jar:/Users/yaokai/.m2/repository/org/objenesis/objenesis/2.6/objenesis-2.6.jar:/Users/yaokai/.m2/repository/org/hamcrest/hamcrest-core/1.3/hamcrest-core-1.3.jar:/Users/yaokai/.m2/repository/org/hamcrest/hamcrest-library/1.3/hamcrest-library-1.3.jar:/Users/yaokai/.m2/repository/org/skyscreamer/jsonassert/1.5.0/jsonassert-1.5.0.jar:/Users/yaokai/.m2/repository/com/vaadin/external/google/android-json/0.0.20131108.vaadin1/android-json-0.0.20131108.vaadin1.jar:/Users/yaokai/.m2/repository/org/springframework/spring-core/5.0.6.RELEASE/spring-core-5.0.6.RELEASE.jar:/Users/yaokai/.m2/repository/org/springframework/spring-jcl/5.0.6.RELEASE/spring-jcl-5.0.6.RELEASE.jar:/Users/yaokai/.m2/repository/org/springframework/spring-test/5.0.6.RELEASE/spring-test-5.0.6.RELEASE.jar:/Users/yaokai/.m2/repository/org/xmlunit/xmlunit-core/2.5.1/xmlunit-core-2.5.1.jar:/Users/yaokai/.m2/repository/org/springframework/retry/spring-retry/1.2.5.RELEASE/spring-retry-1.2.5.RELEASE.jar:/Users/yaokai/.m2/repository/org/apache/maven/surefire/surefire-testng-utils/2.21.0/surefire-testng-utils-2.21.0.jar:/Users/yaokai/.m2/repository/org/apache/maven/surefire/surefire-grouper/2.21.0/surefire-grouper-2.21.0.jar:"/>
    <property name="sun.cpu.endian" value="little"/>
    <property name="user.home" value="/Users/yaokai"/>
    <property name="user.language" value="zh"/>
    <property name="java.specification.vendor" value="Oracle Corporation"/>
    <property name="java.version.date" value="2019-10-15"/>
    <property name="java.home" value="/Library/Java/JavaVirtualMachines/jdk-13.0.1.jdk/Contents/Home"/>
    <property name="file.separator" value="/"/>
    <property name="basedir" value="/Users/yaokai/IdeaProjects/yktest"/>
    <property name="java.vm.compressedOopsMode" value="Zero based"/>
    <property name="line.separator" value="&#10;"/>
    <property name="java.vm.specification.vendor" value="Oracle Corporation"/>
    <property name="java.specification.name" value="Java Platform API Specification"/>
    <property name="surefire.real.class.path" value="/Users/yaokai/IdeaProjects/yktest/target/surefire/surefirebooter4787946540102076585.jar"/>
    <property name="user.script" value="Hans"/>
    <property name="sun.management.compiler" value="HotSpot 64-Bit Tiered Compilers"/>
    <property name="java.runtime.version" value="13.0.1+9"/>
    <property name="user.name" value="yaokai"/>
    <property name="path.separator" value=":"/>
    <property name="os.version" value="10.14.6"/>
    <property name="java.runtime.name" value="Java(TM) SE Runtime Environment"/>
    <property name="file.encoding" value="UTF-8"/>
    <property name="java.vm.name" value="Java HotSpot(TM) 64-Bit Server VM"/>
    <property name="localRepository" value="/Users/yaokai/.m2/repository"/>
    <property name="java.vendor.url.bug" value="https://bugreport.java.com/bugreport/"/>
    <property name="java.io.tmpdir" value="/var/folders/61/9ktr6__s653byk0k3_vl0zp00000gn/T/"/>
    <property name="java.version" value="13.0.1"/>
    <property name="user.dir" value="/Users/yaokai/IdeaProjects/yktest"/>
    <property name="os.arch" value="x86_64"/>
    <property name="java.vm.specification.name" value="Java Virtual Machine Specification"/>
    <property name="java.library.path" value="/Users/yaokai/Library/Java/Extensions:/Library/Java/Extensions:/Network/Library/Java/Extensions:/System/Library/Java/Extensions:/usr/lib/java:."/>
    <property name="java.vm.info" value="mixed mode, sharing"/>
    <property name="java.vendor" value="Oracle Corporation"/>
    <property name="java.vm.version" value="13.0.1+9"/>
    <property name="sun.io.unicode.encoding" value="UnicodeBig"/>
    <property name="java.class.version" value="57.0"/>
  </properties>
  <testcase name="get_promotion_list on get_promotion_list(com.tester.cases.DouyinTest)" classname="com.tester.cases.DouyinTest" time="2.82"/>
  <testcase name="video_comment on video_comment(com.tester.cases.Douyinv1Test)" classname="com.tester.cases.Douyinv1Test" time="0.219"/>
  <testcase name="user_info on user_info(com.tester.cases.Douyinv1Test)" classname="com.tester.cases.Douyinv1Test" time="0.595"/>
  <testcase name="user_goods on user_goods(com.tester.cases.Douyinv1Test)" classname="com.tester.cases.Douyinv1Test" time="1.564"/>
  <testcase name="user_video on user_video(com.tester.cases.Douyinv1Test)" classname="com.tester.cases.Douyinv1Test" time="0.335"/>
  <testcase name="get_user_following_list on get_user_following_list(com.tester.cases.DouyinLiteTest)" classname="com.tester.cases.DouyinLiteTest" time="0.605"/>
  <testcase name="crawlShopVenderId on crawlShopVenderId(com.tester.cases.JingDongTest)" classname="com.tester.cases.JingDongTest" time="0.395"/>
  <testcase name="crawlShopDetails on crawlShopDetails(com.tester.cases.JingDongTest)" classname="com.tester.cases.JingDongTest" time="0.589"/>
  <testcase name="crawlSkuPrices on crawlSkuPrices(com.tester.cases.JingDongTest)" classname="com.tester.cases.JingDongTest" time="0.436"/>
  <testcase name="crawlCommentsCounts on crawlCommentsCounts(com.tester.cases.JingDongTest)" classname="com.tester.cases.JingDongTest" time="0.38"/>
  <testcase name="crawlPageByBrandName on crawlPageByBrandName(com.tester.cases.JingDongTest)" classname="com.tester.cases.JingDongTest" time="3.095"/>
  <testcase name="crawlSkuCommentAndCount on crawlSkuCommentAndCount(com.tester.cases.JingDongTest)" classname="com.tester.cases.JingDongTest" time="0.457"/>
  <testcase name="crawlSkuComment on crawlSkuComment(com.tester.cases.JingDongTest)" classname="com.tester.cases.JingDongTest" time="0.478"/>
  <testcase name="crawlPageShopProducts on crawlPageShopProducts(com.tester.cases.JingDongTest)" classname="com.tester.cases.JingDongTest" time="3.221"/>
  <testcase name="get_live_square_list on get_live_square_list(com.tester.cases.KuaiShouV1Test)" classname="com.tester.cases.KuaiShouV1Test" time="0.583"/>
  <testcase name="get_live_top_users on get_live_top_users(com.tester.cases.KuaiShouV1Test)" classname="com.tester.cases.KuaiShouV1Test" time="2.176"/>
  <testcase name="video_comment on video_comment(com.tester.cases.KuaiShouV1Test)" classname="com.tester.cases.KuaiShouV1Test" time="0.555"/>
  <testcase name="get_comm_list on get_comm_list(com.tester.cases.KuaiShouV1Test)" classname="com.tester.cases.KuaiShouV1Test" time="0.399"/>
  <testcase name="get_user_card_info on get_user_card_info(com.tester.cases.KuaiShouV1Test)" classname="com.tester.cases.KuaiShouV1Test" time="3.282"/>
  <testcase name="get_live_detail on get_live_detail(com.tester.cases.KuaiShouV1Test)" classname="com.tester.cases.KuaiShouV1Test" time="0.615"/>
  <testcase name="nearby_feed on nearby_feed(com.tester.cases.KuaiShouV1Test)" classname="com.tester.cases.KuaiShouV1Test" time="0.543"/>
  <testcase name="video_detail on video_detail(com.tester.cases.KuaiShouV1Test)" classname="com.tester.cases.KuaiShouV1Test" time="5.514"/>
  <testcase name="hot_feed on hot_feed(com.tester.cases.KuaiShouV1Test)" classname="com.tester.cases.KuaiShouV1Test" time="0.999"/>
  <testcase name="get_live_users on get_live_users(com.tester.cases.KuaiShouV1Test)" classname="com.tester.cases.KuaiShouV1Test" time="1.32"/>
  <testcase name="user_info on user_info(com.tester.cases.KuaiShouV1Test)" classname="com.tester.cases.KuaiShouV1Test" time="0.651"/>
  <testcase name="share_video on share_video(com.tester.cases.KuaiShouV1Test)" classname="com.tester.cases.KuaiShouV1Test" time="5.814"/>
  <testcase name="product_list on product_list(com.tester.cases.KuaiShouV1Test)" classname="com.tester.cases.KuaiShouV1Test" time="0.513"/>
  <testcase name="get_live_square_refresh on get_live_square_refresh(com.tester.cases.KuaiShouV1Test)" classname="com.tester.cases.KuaiShouV1Test" time="0.611"/>
  <testcase name="get_live_info on get_live_info(com.tester.cases.KuaiShouV1Test)" classname="com.tester.cases.KuaiShouV1Test" time="3.69"/>
  <testcase name="get_live_district_rank on get_live_district_rank(com.tester.cases.KuaiShouV1Test)" classname="com.tester.cases.KuaiShouV1Test" time="4.396"/>
  <testcase name="user_video on user_video(com.tester.cases.KuaiShouV1Test)" classname="com.tester.cases.KuaiShouV1Test" time="1.38"/>
  <testcase name="note_comments on note_comments(com.tester.cases.XHSv1Test)" classname="com.tester.cases.XHSv1Test" time="0.599"/>
  <testcase name="video_detail on video_detail(com.tester.cases.XHSv1Test)" classname="com.tester.cases.XHSv1Test" time="4.677"/>
  <testcase name="user_search on user_search(com.tester.cases.XHSv1Test)" classname="com.tester.cases.XHSv1Test" time="0.495"/>
  <testcase name="user_fans on user_fans(com.tester.cases.XHSv1Test)" classname="com.tester.cases.XHSv1Test" time="1.574"/>
  <testcase name="user_info on user_info(com.tester.cases.XHSv1Test)" classname="com.tester.cases.XHSv1Test" time="1.398"/>
  <testcase name="user_note on user_note(com.tester.cases.XHSv1Test)" classname="com.tester.cases.XHSv1Test" time="0.559"/>
  <testcase name="note_detail on note_detail(com.tester.cases.XHSv1Test)" classname="com.tester.cases.XHSv1Test" time="0.978"/>
  <testcase name="user_focus on user_focus(com.tester.cases.XHSv1Test)" classname="com.tester.cases.XHSv1Test" time="0.406"/>
  <testcase name="user_video on user_video(com.tester.cases.XHSv1Test)" classname="com.tester.cases.XHSv1Test" time="0.409"/>
  <testcase name="home_feed on home_feed(com.tester.cases.XHSv1Test)" classname="com.tester.cases.XHSv1Test" time="0.687"/>
  <testcase name="get_shop_items on get_shop_items(com.tester.cases.TBAPPTest)" classname="com.tester.cases.TBAPPTest" time="8.45"/>
  <testcase name="video_list on video_list(com.tester.cases.TBAPPTest)" classname="com.tester.cases.TBAPPTest" time="4.393"/>
  <testcase name="live_detail on live_detail(com.tester.cases.TBAPPTest)" classname="com.tester.cases.TBAPPTest" time="0.941"/>
  <testcase name="call_nums on call_nums(com.tester.cases.TBAPPTest)" classname="com.tester.cases.TBAPPTest" time="0.084"/>
  <testcase name="channel_info on channel_info(com.tester.cases.TBAPPTest)" classname="com.tester.cases.TBAPPTest" time="2.927"/>
  <testcase name="goods_list on goods_list(com.tester.cases.TBAPPTest)" classname="com.tester.cases.TBAPPTest" time="6.719"/>
  <testcase name="broadcaster_info on broadcaster_info(com.tester.cases.TBAPPTest)" classname="com.tester.cases.TBAPPTest" time="1.433"/>
  <testcase name="get_item_list on get_item_list(com.tester.cases.SumaitongTest)" classname="com.tester.cases.SumaitongTest" time="1.705"/>
  <testcase name="get_shop_item on get_shop_item(com.tester.cases.SumaitongTest)" classname="com.tester.cases.SumaitongTest" time="1.118"/>
  <testcase name="get_shop_feedback on get_shop_feedback(com.tester.cases.SumaitongTest)" classname="com.tester.cases.SumaitongTest" time="0.747"/>
  <testcase name="get_shop_info_h5 on get_shop_info_h5(com.tester.cases.SumaitongTest)" classname="com.tester.cases.SumaitongTest" time="6.234"/>
  <testcase name="get_shop_info_pc on get_shop_info_pc(com.tester.cases.SumaitongTest)" classname="com.tester.cases.SumaitongTest" time="0.597"/>
  <testcase name="get_item_detial_h5 on get_item_detial_h5(com.tester.cases.SumaitongTest)" classname="com.tester.cases.SumaitongTest" time="1.557"/>
  <testcase name="get_item_detial_pc on get_item_detial_pc(com.tester.cases.SumaitongTest)" classname="com.tester.cases.SumaitongTest" time="0.793"/>
  <testcase name="get_item_feedback on get_item_feedback(com.tester.cases.SumaitongTest)" classname="com.tester.cases.SumaitongTest" time="0.819"/>
  <testcase name="get_seller_info on get_seller_info(com.tester.cases.SumaitongTest)" classname="com.tester.cases.SumaitongTest" time="0.804"/>
  <testcase name="hot_recommend on hot_recommend(com.tester.cases.DouyinAweTest)" classname="com.tester.cases.DouyinAweTest" time="3.822"/>
  <testcase name="video_info on video_info(com.tester.cases.DouyinAweTest)" classname="com.tester.cases.DouyinAweTest" time="4.774"/>
  <testcase name="get_promotion_list on get_promotion_list(com.tester.cases.DouyinAweTest)" classname="com.tester.cases.DouyinAweTest" time="0.513"/>
  <testcase name="get_aweme_comment on get_aweme_comment(com.tester.cases.DouyinAweTest)" classname="com.tester.cases.DouyinAweTest" time="0.398"/>
  <testcase name="user_info on user_info(com.tester.cases.DouyinAweTest)" classname="com.tester.cases.DouyinAweTest" time="0.462"/>
  <testcase name="user_room on user_room(com.tester.cases.DouyinAweTest)" classname="com.tester.cases.DouyinAweTest" time="0.463"/>
  <testcase name="get_user_info on get_user_info(com.tester.cases.DouyinAweTest)" classname="com.tester.cases.DouyinAweTest" time="1.434"/>
  <testcase name="user_hot_video on user_hot_video(com.tester.cases.DouyinAweTest)" classname="com.tester.cases.DouyinAweTest" time="3.097"/>
  <testcase name="get_aweme_info on get_aweme_info(com.tester.cases.DouyinAweTest)" classname="com.tester.cases.DouyinAweTest" time="0.807"/>
  <testcase name="get_aweme_list on get_aweme_list(com.tester.cases.DouyinAweTest)" classname="com.tester.cases.DouyinAweTest" time="29.629"/>
  <testcase name="user_video on user_video(com.tester.cases.DouyinAweTest)" classname="com.tester.cases.DouyinAweTest" time="2.3"/>
  <testcase name="items on items(com.tester.cases.JingDongCPSTest)" classname="com.tester.cases.JingDongCPSTest" time="0.717"/>
  <testcase name="homepage_shops on homepage_shops(com.tester.cases.MeiTuanTest)" classname="com.tester.cases.MeiTuanTest" time="7.295"/>
  <testcase name="shop_comments on shop_comments(com.tester.cases.MeiTuanTest)" classname="com.tester.cases.MeiTuanTest" time="5.725"/>
  <testcase name="call_nums on call_nums(com.tester.cases.MeiTuanTest)" classname="com.tester.cases.MeiTuanTest" time="0.092"/>
  <testcase name="shop_foods on shop_foods(com.tester.cases.MeiTuanTest)" classname="com.tester.cases.MeiTuanTest" time="12.183"/>
  <testcase name="user_info on user_info(com.tester.cases.DouyinShareTest)" classname="com.tester.cases.DouyinShareTest" time="0.981"/>
  <testcase name="user_video on user_video(com.tester.cases.DouyinShareTest)" classname="com.tester.cases.DouyinShareTest" time="4.393"/>
  <testcase name="get_goods_detail on get_goods_detail(com.tester.cases.TBTest)" classname="com.tester.cases.TBTest" time="1.532"/>
  <testcase name="get_good_goods on get_good_goods(com.tester.cases.TBTest)" classname="com.tester.cases.TBTest" time="2.29"/>
  <testcase name="get_questions on get_questions(com.tester.cases.TBTest)" classname="com.tester.cases.TBTest" time="0.818"/>
  <testcase name="get_ask_tag on get_ask_tag(com.tester.cases.TBTest)" classname="com.tester.cases.TBTest" time="1.009"/>
  <testcase name="get_tb_comment on get_tb_comment(com.tester.cases.TBTest)" classname="com.tester.cases.TBTest" time="0.117"/>
  <testcase name="get_daren_feed on get_daren_feed(com.tester.cases.TBTest)" classname="com.tester.cases.TBTest" time="2.656"/>
  <testcase name="get_daren_info on get_daren_info(com.tester.cases.TBTest)" classname="com.tester.cases.TBTest" time="0.85"/>
  <testcase name="get_mall_similar_goods on get_mall_similar_goods(com.tester.cases.PddTest)" classname="com.tester.cases.PddTest" time="0.456"/>
  <testcase name="get_goods_detail on get_goods_detail(com.tester.cases.PddTest)" classname="com.tester.cases.PddTest" time="0.542"/>
  <testcase name="get_limited_seckill on get_limited_seckill(com.tester.cases.PddTest)" classname="com.tester.cases.PddTest" time="0.412"/>
  <testcase name="get_daily_good_mall on get_daily_good_mall(com.tester.cases.PddTest)" classname="com.tester.cases.PddTest" time="1.949"/>
  <testcase name="get_mall_info on get_mall_info(com.tester.cases.PddTest)" classname="com.tester.cases.PddTest" time="0.585"/>
  <testcase name="get_fenlei_goods on get_fenlei_goods(com.tester.cases.PddTest)" classname="com.tester.cases.PddTest" time="44.569"/>
  <testcase name="get_similar_goods on get_similar_goods(com.tester.cases.PddTest)" classname="com.tester.cases.PddTest" time="5.228"/>
  <testcase name="get_hot_goods on get_hot_goods(com.tester.cases.PddTest)" classname="com.tester.cases.PddTest" time="0.488"/>
  <testcase name="get_clearance_sale_goods on get_clearance_sale_goods(com.tester.cases.PddTest)" classname="com.tester.cases.PddTest" time="2.758"/>
  <testcase name="get_mall_most_goods on get_mall_most_goods(com.tester.cases.PddTest)" classname="com.tester.cases.PddTest" time="3.501"/>
  <testcase name="get_99_goods on get_99_goods(com.tester.cases.PddTest)" classname="com.tester.cases.PddTest" time="4.101"/>
  <testcase name="get_new_clothes_goods on get_new_clothes_goods(com.tester.cases.PddTest)" classname="com.tester.cases.PddTest" time="1.142"/>
  <testcase name="get_love_shopping_goods on get_love_shopping_goods(com.tester.cases.PddTest)" classname="com.tester.cases.PddTest" time="0.557"/>
  <testcase name="get_electrical_goods on get_electrical_goods(com.tester.cases.PddTest)" classname="com.tester.cases.PddTest" time="0.757"/>
  <testcase name="get_pdd_date on get_pdd_date(com.tester.cases.PddTest)" classname="com.tester.cases.PddTest" time="1.386"/>
  <testcase name="get_subsidy_goods on get_subsidy_goods(com.tester.cases.PddTest)" classname="com.tester.cases.PddTest" time="0.917"/>
  <testcase name="get_cat_id_list on get_cat_id_list(com.tester.cases.PddTest)" classname="com.tester.cases.PddTest" time="0.053"/>
  <testcase name="ice_shopping_tab on ice_shopping_tab(com.tester.cases.DuTest)" classname="com.tester.cases.DuTest" time="0.273"/>
  <testcase name="sold_list on sold_list(com.tester.cases.DuTest)" classname="com.tester.cases.DuTest" time="2.635"/>
  <testcase name="call_nums on call_nums(com.tester.cases.DuTest)" classname="com.tester.cases.DuTest" time="0.073"/>
  <testcase name="item_detail on item_detail(com.tester.cases.DuTest)" classname="com.tester.cases.DuTest" time="3.209"/>
  <testcase name="ice_shopping on ice_shopping(com.tester.cases.DuTest)" classname="com.tester.cases.DuTest" time="0.668"/>
  <testcase name="get_shop_items on get_shop_items(com.tester.cases.AlibabaTest)" classname="com.tester.cases.AlibabaTest" time="4.041"/>
  <testcase name="get_search_list on get_search_list(com.tester.cases.AlibabaTest)" classname="com.tester.cases.AlibabaTest" time="5.221"/>
  <testcase name="get_item_info_h5 on get_item_info_h5(com.tester.cases.AlibabaTest)" classname="com.tester.cases.AlibabaTest" time="0.925"/>
  <testcase name="get_comment_list on get_comment_list(com.tester.cases.AlibabaTest)" classname="com.tester.cases.AlibabaTest" time="1.179"/>
  <testcase name="get_product_info on get_product_info(com.tester.cases.AlibabaTest)" classname="com.tester.cases.AlibabaTest" time="0.025"/>
  <testcase name="get_cate_info on get_cate_info(com.tester.cases.AlibabaTest)" classname="com.tester.cases.AlibabaTest" time="3.339"/>
  <testcase name="item_list on item_list(com.tester.cases.KaoLaTest)" classname="com.tester.cases.KaoLaTest" time="0.889"/>
  <testcase name="shop_info on shop_info(com.tester.cases.KaoLaTest)" classname="com.tester.cases.KaoLaTest" time="0.605"/>
  <testcase name="shop_item on shop_item(com.tester.cases.KaoLaTest)" classname="com.tester.cases.KaoLaTest" time="0.613"/>
  <testcase name="item_detail on item_detail(com.tester.cases.KaoLaTest)" classname="com.tester.cases.KaoLaTest" time="1.156"/>
  <testcase name="leaf_cate on leaf_cate(com.tester.cases.KaoLaTest)" classname="com.tester.cases.KaoLaTest" time="1.061"/>
  <testcase name="item_comm on item_comm(com.tester.cases.XHSv2Test)" classname="com.tester.cases.XHSv2Test" time="1.868"/>
  <testcase name="item_info on item_info(com.tester.cases.XHSv2Test)" classname="com.tester.cases.XHSv2Test" time="0.322"/>
  <testcase name="shop_font on shop_font(com.tester.cases.XHSv2Test)" classname="com.tester.cases.XHSv2Test" time="0.211"/>
  <testcase name="shop_info on shop_info(com.tester.cases.XHSv2Test)" classname="com.tester.cases.XHSv2Test" time="0.277"/>
  <testcase name="item_price on item_price(com.tester.cases.XHSv2Test)" classname="com.tester.cases.XHSv2Test" time="0.582"/>
  <testcase name="note_comments on note_comments(com.tester.cases.XHSv2Test)" classname="com.tester.cases.XHSv2Test" time="4.441"/>
  <testcase name="call_nums on call_nums(com.tester.cases.XHSv2Test)" classname="com.tester.cases.XHSv2Test" time="0.103"/>
  <testcase name="shop_items on shop_items(com.tester.cases.XHSv2Test)" classname="com.tester.cases.XHSv2Test" time="0.249"/>
  <testcase name="channel_refresh on channel_refresh(com.tester.cases.XHSv2Test)" classname="com.tester.cases.XHSv2Test" time="0.446"/>
  <testcase name="video_detail on video_detail(com.tester.cases.XHSv2Test)" classname="com.tester.cases.XHSv2Test" time="2.767"/>
  <testcase name="item_search on item_search(com.tester.cases.XHSv2Test)" classname="com.tester.cases.XHSv2Test" time="0.412"/>
  <testcase name="user_search on user_search(com.tester.cases.XHSv2Test)" classname="com.tester.cases.XHSv2Test" time="2.574"/>
  <testcase name="topic_notes on topic_notes(com.tester.cases.XHSv2Test)" classname="com.tester.cases.XHSv2Test" time="0.078"/>
  <testcase name="user_fans on user_fans(com.tester.cases.XHSv2Test)" classname="com.tester.cases.XHSv2Test" time="5.244"/>
  <testcase name="user_info on user_info(com.tester.cases.XHSv2Test)" classname="com.tester.cases.XHSv2Test" time="0.866"/>
  <testcase name="user_note on user_note(com.tester.cases.XHSv2Test)" classname="com.tester.cases.XHSv2Test" time="2.739"/>
  <testcase name="note_detail on note_detail(com.tester.cases.XHSv2Test)" classname="com.tester.cases.XHSv2Test" time="0.721"/>
  <testcase name="user_focus on user_focus(com.tester.cases.XHSv2Test)" classname="com.tester.cases.XHSv2Test" time="3.525"/>
  <testcase name="user_video on user_video(com.tester.cases.XHSv2Test)" classname="com.tester.cases.XHSv2Test" time="1.141"/>
  <testcase name="note_search on note_search(com.tester.cases.XHSv2Test)" classname="com.tester.cases.XHSv2Test" time="0.598"/>
  <testcase name="home_feed on home_feed(com.tester.cases.XHSv2Test)" classname="com.tester.cases.XHSv2Test" time="0.951"/>
  <testcase name="get_live_square_list on get_live_square_list(com.tester.cases.KuaiShouV2Test)" classname="com.tester.cases.KuaiShouV2Test" time="3.928"/>
  <testcase name="get_live_top_users on get_live_top_users(com.tester.cases.KuaiShouV2Test)" classname="com.tester.cases.KuaiShouV2Test" time="1.618"/>
  <testcase name="video_comment on video_comment(com.tester.cases.KuaiShouV2Test)" classname="com.tester.cases.KuaiShouV2Test" time="0.645"/>
  <testcase name="call_nums on call_nums(com.tester.cases.KuaiShouV2Test)" classname="com.tester.cases.KuaiShouV2Test" time="0.184"/>
  <testcase name="nearby_feed on nearby_feed(com.tester.cases.KuaiShouV2Test)" classname="com.tester.cases.KuaiShouV2Test" time="5.81"/>
  <testcase name="video_detail on video_detail(com.tester.cases.KuaiShouV2Test)" classname="com.tester.cases.KuaiShouV2Test" time="9.184"/>
  <testcase name="hot_feed on hot_feed(com.tester.cases.KuaiShouV2Test)" classname="com.tester.cases.KuaiShouV2Test" time="1.594"/>
  <testcase name="get_live_users on get_live_users(com.tester.cases.KuaiShouV2Test)" classname="com.tester.cases.KuaiShouV2Test" time="1.418"/>
  <testcase name="user_info on user_info(com.tester.cases.KuaiShouV2Test)" classname="com.tester.cases.KuaiShouV2Test" time="0.836"/>
  <testcase name="share_video on share_video(com.tester.cases.KuaiShouV2Test)" classname="com.tester.cases.KuaiShouV2Test" time="5.337"/>
  <testcase name="product_list on product_list(com.tester.cases.KuaiShouV2Test)" classname="com.tester.cases.KuaiShouV2Test" time="0.464"/>
  <testcase name="get_live_square_refresh on get_live_square_refresh(com.tester.cases.KuaiShouV2Test)" classname="com.tester.cases.KuaiShouV2Test" time="1.285"/>
  <testcase name="get_live_info on get_live_info(com.tester.cases.KuaiShouV2Test)" classname="com.tester.cases.KuaiShouV2Test" time="3.017"/>
  <testcase name="get_live_district_rank on get_live_district_rank(com.tester.cases.KuaiShouV2Test)" classname="com.tester.cases.KuaiShouV2Test" time="2.829"/>
  <testcase name="user_video on user_video(com.tester.cases.KuaiShouV2Test)" classname="com.tester.cases.KuaiShouV2Test" time="1.206"/>
</testsuite>