<?xml version="1.0" encoding="UTF-8"?>
<!-- Generated by org.testng.reporters.JUnitReportReporter -->
<testsuite name="com.tester.cases.DouyinShareTest" tests="2" time="4.431" ignored="0" failures="0" timestamp="28 四月 2020 09:30:10 GMT" skipped="0" hostname="yaokaideMacBook-Pro.local" errors="0">
  <testcase name="user_video" time="3.995" classname="com.tester.cases.DouyinShareTest"/>
  <testcase name="user_info" time="0.436" classname="com.tester.cases.DouyinShareTest"/>
</testsuite> <!-- com.tester.cases.DouyinShareTest -->
