<?xml version="1.0" encoding="UTF-8"?>
<!-- Generated by org.testng.reporters.JUnitReportReporter -->
<testsuite name="com.tester.cases.Douyinv1Test" tests="4" time="4.896" ignored="0" failures="0" timestamp="28 四月 2020 09:30:10 GMT" skipped="0" hostname="yaokaideMacBook-Pro.local" errors="0">
  <testcase name="video_comment" time="0.300" classname="com.tester.cases.Douyinv1Test"/>
  <testcase name="user_goods" time="1.797" classname="com.tester.cases.Douyinv1Test"/>
  <testcase name="user_info" time="0.587" classname="com.tester.cases.Douyinv1Test"/>
  <testcase name="user_video" time="2.212" classname="com.tester.cases.Douyinv1Test"/>
</testsuite> <!-- com.tester.cases.Douyinv1Test -->
