<?xml version="1.0" encoding="UTF-8"?>
<!-- Generated by org.testng.reporters.JUnitReportReporter -->
<testsuite name="com.tester.cases.KuaiShouV2Test" tests="15" time="247.221" ignored="0" failures="0" timestamp="28 四月 2020 09:30:10 GMT" skipped="0" hostname="yaokaideMacBook-Pro.local" errors="0">
  <testcase name="nearby_feed" time="5.615" classname="com.tester.cases.KuaiShouV2Test"/>
  <testcase name="get_live_district_rank" time="30.347" classname="com.tester.cases.KuaiShouV2Test"/>
  <testcase name="share_video" time="25.578" classname="com.tester.cases.KuaiShouV2Test"/>
  <testcase name="get_live_top_users" time="3.770" classname="com.tester.cases.KuaiShouV2Test"/>
  <testcase name="get_live_square_refresh" time="26.511" classname="com.tester.cases.KuaiShouV2Test"/>
  <testcase name="video_detail" time="12.736" classname="com.tester.cases.KuaiShouV2Test"/>
  <testcase name="product_list" time="25.855" classname="com.tester.cases.KuaiShouV2Test"/>
  <testcase name="user_info" time="16.359" classname="com.tester.cases.KuaiShouV2Test"/>
  <testcase name="user_video" time="31.826" classname="com.tester.cases.KuaiShouV2Test"/>
  <testcase name="hot_feed" time="14.036" classname="com.tester.cases.KuaiShouV2Test"/>
  <testcase name="video_comment" time="4.783" classname="com.tester.cases.KuaiShouV2Test"/>
  <testcase name="call_nums" time="4.865" classname="com.tester.cases.KuaiShouV2Test"/>
  <testcase name="get_live_square_list" time="1.986" classname="com.tester.cases.KuaiShouV2Test"/>
  <testcase name="get_live_info" time="27.277" classname="com.tester.cases.KuaiShouV2Test"/>
  <testcase name="get_live_users" time="15.677" classname="com.tester.cases.KuaiShouV2Test"/>
</testsuite> <!-- com.tester.cases.KuaiShouV2Test -->
