<?xml version="1.0" encoding="UTF-8"?>
<!-- Generated by org.testng.reporters.JUnitReportReporter -->
<testsuite name="com.tester.cases.KuaiShouV2Test" tests="16" time="142.882" ignored="0" failures="0" timestamp="03 四月 2020 09:54:13 GMT" skipped="0" hostname="yaokaideMacBook-Pro.local" errors="0">
  <testcase name="get_live_top_users" time="3.716" classname="com.tester.cases.KuaiShouV2Test"/>
  <testcase name="get_live_goods" time="8.686" classname="com.tester.cases.KuaiShouV2Test"/>
  <testcase name="hot_feed" time="7.269" classname="com.tester.cases.KuaiShouV2Test"/>
  <testcase name="nearby_feed" time="5.327" classname="com.tester.cases.KuaiShouV2Test"/>
  <testcase name="user_video" time="15.555" classname="com.tester.cases.KuaiShouV2Test"/>
  <testcase name="video_detail" time="5.809" classname="com.tester.cases.KuaiShouV2Test"/>
  <testcase name="product_list" time="12.111" classname="com.tester.cases.KuaiShouV2Test"/>
  <testcase name="call_nums" time="4.562" classname="com.tester.cases.KuaiShouV2Test"/>
  <testcase name="share_video" time="11.548" classname="com.tester.cases.KuaiShouV2Test"/>
  <testcase name="get_live_info" time="13.545" classname="com.tester.cases.KuaiShouV2Test"/>
  <testcase name="video_comment" time="4.486" classname="com.tester.cases.KuaiShouV2Test"/>
  <testcase name="get_live_users" time="9.920" classname="com.tester.cases.KuaiShouV2Test"/>
  <testcase name="get_live_square_refresh" time="12.740" classname="com.tester.cases.KuaiShouV2Test"/>
  <testcase name="get_live_square_list" time="2.056" classname="com.tester.cases.KuaiShouV2Test"/>
  <testcase name="get_live_district_rank" time="14.721" classname="com.tester.cases.KuaiShouV2Test"/>
  <testcase name="user_info" time="10.831" classname="com.tester.cases.KuaiShouV2Test"/>
</testsuite> <!-- com.tester.cases.KuaiShouV2Test -->
