<?xml version="1.0" encoding="UTF-8"?>
<!-- Generated by org.testng.reporters.JUnitReportReporter -->
<testsuite ignored="0" hostname="yaokaideMacBook-Pro.local" failures="0" tests="17" name="com.tester.cases.PddTest" time="755.060" errors="0" timestamp="28 4æœˆ 2020 01:30:14 GMT" skipped="0">
  <testcase classname="com.tester.cases.PddTest" name="get_daily_good_mall" time="3.364"/>
  <testcase classname="com.tester.cases.PddTest" name="get_cat_id_list" time="69.410"/>
  <testcase classname="com.tester.cases.PddTest" name="get_similar_goods" time="53.746"/>
  <testcase classname="com.tester.cases.PddTest" name="get_clearance_sale_goods" time="56.993"/>
  <testcase classname="com.tester.cases.PddTest" name="get_love_shopping_goods" time="66.295"/>
  <testcase classname="com.tester.cases.PddTest" name="get_electrical_goods" time="67.053"/>
  <testcase classname="com.tester.cases.PddTest" name="get_pdd_date" time="68.439"/>
  <testcase classname="com.tester.cases.PddTest" name="get_mall_similar_goods" time="0.460"/>
  <testcase classname="com.tester.cases.PddTest" name="get_fenlei_goods" time="48.518"/>
  <testcase classname="com.tester.cases.PddTest" name="get_hot_goods" time="54.234"/>
  <testcase classname="com.tester.cases.PddTest" name="get_goods_detail" time="1.002"/>
  <testcase classname="com.tester.cases.PddTest" name="get_new_clothes_goods" time="65.737"/>
  <testcase classname="com.tester.cases.PddTest" name="get_mall_info" time="3.949"/>
  <testcase classname="com.tester.cases.PddTest" name="get_mall_most_goods" time="60.494"/>
  <testcase classname="com.tester.cases.PddTest" name="get_99_goods" time="64.594"/>
  <testcase classname="com.tester.cases.PddTest" name="get_subsidy_goods" time="69.357"/>
  <testcase classname="com.tester.cases.PddTest" name="get_limited_seckill" time="1.415"/>
</testsuite> <!-- com.tester.cases.PddTest -->
