<?xml version="1.0" encoding="UTF-8"?>
<!-- Generated by org.testng.reporters.JUnitReportReporter -->
<testsuite ignored="0" hostname="yaokaideMacBook-Pro.local" failures="0" tests="9" name="com.tester.cases.SumaitongTest" time="81.010" errors="0" timestamp="28 4æœˆ 2020 01:30:14 GMT" skipped="0">
  <testcase classname="com.tester.cases.SumaitongTest" name="get_shop_info_h5" time="9.809"/>
  <testcase classname="com.tester.cases.SumaitongTest" name="get_item_detial_h5" time="11.965"/>
  <testcase classname="com.tester.cases.SumaitongTest" name="get_shop_feedback" time="3.574"/>
  <testcase classname="com.tester.cases.SumaitongTest" name="get_item_list" time="1.709"/>
  <testcase classname="com.tester.cases.SumaitongTest" name="get_seller_info" time="14.383"/>
  <testcase classname="com.tester.cases.SumaitongTest" name="get_shop_info_pc" time="10.407"/>
  <testcase classname="com.tester.cases.SumaitongTest" name="get_item_feedback" time="13.578"/>
  <testcase classname="com.tester.cases.SumaitongTest" name="get_shop_item" time="2.827"/>
  <testcase classname="com.tester.cases.SumaitongTest" name="get_item_detial_pc" time="12.758"/>
</testsuite> <!-- com.tester.cases.SumaitongTest -->
