<?xml version="1.0" encoding="UTF-8"?>
<!-- Generated by org.testng.reporters.JUnitReportReporter -->
<testsuite name="com.tester.cases.DouyinTest" tests="1" time="4.612" ignored="0" failures="0" timestamp="30 三月 2020 09:12:29 GMT" skipped="0" hostname="yaokaidembp" errors="0">
  <testcase name="get_promotion_list" time="4.612" classname="com.tester.cases.DouyinTest"/>
</testsuite> <!-- com.tester.cases.DouyinTest -->
