<?xml version="1.0" encoding="UTF-8"?>
<!-- Generated by org.testng.reporters.JUnitReportReporter -->
<testsuite ignored="0" hostname="yaokaideMacBook-Pro.local" failures="0" tests="17" name="com.tester.cases.KuaiShouV1Test" time="255.202" errors="0" timestamp="28 4æœˆ 2020 01:30:14 GMT" skipped="0">
  <testcase classname="com.tester.cases.KuaiShouV1Test" name="video_comment" time="3.320"/>
  <testcase classname="com.tester.cases.KuaiShouV1Test" name="user_info" time="16.648"/>
  <testcase classname="com.tester.cases.KuaiShouV1Test" name="share_video" time="22.462"/>
  <testcase classname="com.tester.cases.KuaiShouV1Test" name="product_list" time="22.976"/>
  <testcase classname="com.tester.cases.KuaiShouV1Test" name="get_live_square_refresh" time="23.588"/>
  <testcase classname="com.tester.cases.KuaiShouV1Test" name="get_live_info" time="27.277"/>
  <testcase classname="com.tester.cases.KuaiShouV1Test" name="get_live_detail" time="7.619"/>
  <testcase classname="com.tester.cases.KuaiShouV1Test" name="get_live_users" time="15.996"/>
  <testcase classname="com.tester.cases.KuaiShouV1Test" name="get_live_square_list" time="0.587"/>
  <testcase classname="com.tester.cases.KuaiShouV1Test" name="get_live_district_rank" time="31.674"/>
  <testcase classname="com.tester.cases.KuaiShouV1Test" name="get_user_card_info" time="7.003"/>
  <testcase classname="com.tester.cases.KuaiShouV1Test" name="get_comm_list" time="3.720"/>
  <testcase classname="com.tester.cases.KuaiShouV1Test" name="video_detail" time="13.677"/>
  <testcase classname="com.tester.cases.KuaiShouV1Test" name="nearby_feed" time="8.162"/>
  <testcase classname="com.tester.cases.KuaiShouV1Test" name="get_live_top_users" time="2.764"/>
  <testcase classname="com.tester.cases.KuaiShouV1Test" name="user_video" time="33.053"/>
  <testcase classname="com.tester.cases.KuaiShouV1Test" name="hot_feed" time="14.676"/>
</testsuite> <!-- com.tester.cases.KuaiShouV1Test -->
