<?xml version="1.0" encoding="UTF-8"?>
<!-- Generated by org.testng.reporters.JUnitReportReporter -->
<testsuite name="com.tester.cases.Douyinv1Test" tests="4" time="3.813" ignored="0" failures="0" timestamp="03 四月 2020 09:54:13 GMT" skipped="0" hostname="yaokaideMacBook-Pro.local" errors="0">
  <testcase name="user_info" time="0.705" classname="com.tester.cases.Douyinv1Test"/>
  <testcase name="user_goods" time="1.116" classname="com.tester.cases.Douyinv1Test"/>
  <testcase name="user_video" time="1.640" classname="com.tester.cases.Douyinv1Test"/>
  <testcase name="video_comment" time="0.352" classname="com.tester.cases.Douyinv1Test"/>
</testsuite> <!-- com.tester.cases.Douyinv1Test -->
