<?xml version="1.0" encoding="UTF-8"?>
<!-- Generated by org.testng.reporters.JUnitReportReporter -->
<testsuite ignored="0" hostname="yaokaideMacBook-Pro.local" failures="0" tests="8" name="com.tester.cases.JingDongTest" time="29.779" errors="0" timestamp="28 4æœˆ 2020 01:30:14 GMT" skipped="0">
  <testcase classname="com.tester.cases.JingDongTest" name="crawlPageShopProducts" time="9.057"/>
  <testcase classname="com.tester.cases.JingDongTest" name="crawlSkuCommentAndCount" time="5.359"/>
  <testcase classname="com.tester.cases.JingDongTest" name="crawlSkuComment" time="5.837"/>
  <testcase classname="com.tester.cases.JingDongTest" name="crawlCommentsCounts" time="1.806"/>
  <testcase classname="com.tester.cases.JingDongTest" name="crawlPageByBrandName" time="4.902"/>
  <testcase classname="com.tester.cases.JingDongTest" name="crawlShopVenderId" time="0.401"/>
  <testcase classname="com.tester.cases.JingDongTest" name="crawlSkuPrices" time="1.427"/>
  <testcase classname="com.tester.cases.JingDongTest" name="crawlShopDetails" time="0.990"/>
</testsuite> <!-- com.tester.cases.JingDongTest -->
