<?xml version="1.0" encoding="UTF-8"?>
<!-- Generated by org.testng.reporters.JUnitReportReporter -->
<testsuite name="com.tester.cases.SumaitongTest" tests="9" time="51.694" ignored="0" failures="0" timestamp="28 四月 2020 09:30:10 GMT" skipped="0" hostname="yaokaideMacBook-Pro.local" errors="0">
  <testcase name="get_item_detial_h5" time="7.359" classname="com.tester.cases.SumaitongTest"/>
  <testcase name="get_shop_info_h5" time="4.423" classname="com.tester.cases.SumaitongTest"/>
  <testcase name="get_shop_feedback" time="3.520" classname="com.tester.cases.SumaitongTest"/>
  <testcase name="get_item_list" time="1.781" classname="com.tester.cases.SumaitongTest"/>
  <testcase name="get_item_detial_pc" time="8.109" classname="com.tester.cases.SumaitongTest"/>
  <testcase name="get_item_feedback" time="8.946" classname="com.tester.cases.SumaitongTest"/>
  <testcase name="get_shop_info_pc" time="5.043" classname="com.tester.cases.SumaitongTest"/>
  <testcase name="get_seller_info" time="9.852" classname="com.tester.cases.SumaitongTest"/>
  <testcase name="get_shop_item" time="2.661" classname="com.tester.cases.SumaitongTest"/>
</testsuite> <!-- com.tester.cases.SumaitongTest -->
