<?xml version="1.0" encoding="UTF-8"?>
<!-- Generated by org.testng.reporters.JUnitReportReporter -->
<testsuite ignored="0" hostname="yaokaideMacBook-Pro.local" failures="0" tests="1" name="com.tester.cases.DouyinTest" time="5.353" errors="0" timestamp="28 4æœˆ 2020 01:30:14 GMT" skipped="0">
  <testcase classname="com.tester.cases.DouyinTest" name="get_promotion_list" time="5.353"/>
</testsuite> <!-- com.tester.cases.DouyinTest -->
