<?xml version="1.0" encoding="UTF-8"?>
<!-- Generated by org.testng.reporters.JUnitReportReporter -->
<testsuite name="com.tester.cases.KuaiShouV1Test" tests="17" time="241.108" ignored="0" failures="0" timestamp="28 四月 2020 09:30:10 GMT" skipped="0" hostname="yaokaideMacBook-Pro.local" errors="0">
  <testcase name="get_live_top_users" time="2.488" classname="com.tester.cases.KuaiShouV1Test"/>
  <testcase name="get_live_district_rank" time="26.248" classname="com.tester.cases.KuaiShouV1Test"/>
  <testcase name="hot_feed" time="15.638" classname="com.tester.cases.KuaiShouV1Test"/>
  <testcase name="video_comment" time="5.018" classname="com.tester.cases.KuaiShouV1Test"/>
  <testcase name="user_info" time="18.892" classname="com.tester.cases.KuaiShouV1Test"/>
  <testcase name="product_list" time="21.434" classname="com.tester.cases.KuaiShouV1Test"/>
  <testcase name="get_live_users" time="16.544" classname="com.tester.cases.KuaiShouV1Test"/>
  <testcase name="get_live_detail" time="6.886" classname="com.tester.cases.KuaiShouV1Test"/>
  <testcase name="video_detail" time="14.756" classname="com.tester.cases.KuaiShouV1Test"/>
  <testcase name="nearby_feed" time="9.282" classname="com.tester.cases.KuaiShouV1Test"/>
  <testcase name="get_comm_list" time="5.631" classname="com.tester.cases.KuaiShouV1Test"/>
  <testcase name="user_video" time="27.898" classname="com.tester.cases.KuaiShouV1Test"/>
  <testcase name="get_user_card_info" time="6.071" classname="com.tester.cases.KuaiShouV1Test"/>
  <testcase name="get_live_square_list" time="0.603" classname="com.tester.cases.KuaiShouV1Test"/>
  <testcase name="get_live_square_refresh" time="21.963" classname="com.tester.cases.KuaiShouV1Test"/>
  <testcase name="get_live_info" time="22.454" classname="com.tester.cases.KuaiShouV1Test"/>
  <testcase name="share_video" time="19.302" classname="com.tester.cases.KuaiShouV1Test"/>
</testsuite> <!-- com.tester.cases.KuaiShouV1Test -->
