<?xml version="1.0" encoding="UTF-8"?>
<!-- Generated by org.testng.reporters.JUnitReportReporter -->
<testsuite name="com.tester.cases.PddTest" tests="17" time="594.226" ignored="0" failures="0" timestamp="03 四月 2020 09:54:13 GMT" skipped="0" hostname="yaokaideMacBook-Pro.local" errors="0">
  <testcase name="get_daily_good_mall" time="6.387" classname="com.tester.cases.PddTest"/>
  <testcase name="get_electrical_goods" time="49.379" classname="com.tester.cases.PddTest"/>
  <testcase name="get_mall_most_goods" time="46.082" classname="com.tester.cases.PddTest"/>
  <testcase name="get_goods_detail" time="5.120" classname="com.tester.cases.PddTest"/>
  <testcase name="get_mall_similar_goods" time="0.916" classname="com.tester.cases.PddTest"/>
  <testcase name="get_pdd_date" time="50.588" classname="com.tester.cases.PddTest"/>
  <testcase name="get_clearance_sale_goods" time="45.346" classname="com.tester.cases.PddTest"/>
  <testcase name="get_similar_goods" time="44.158" classname="com.tester.cases.PddTest"/>
  <testcase name="get_fenlei_goods" time="43.339" classname="com.tester.cases.PddTest"/>
  <testcase name="get_love_shopping_goods" time="48.121" classname="com.tester.cases.PddTest"/>
  <testcase name="get_new_clothes_goods" time="47.330" classname="com.tester.cases.PddTest"/>
  <testcase name="get_subsidy_goods" time="51.619" classname="com.tester.cases.PddTest"/>
  <testcase name="get_99_goods" time="46.664" classname="com.tester.cases.PddTest"/>
  <testcase name="get_cat_id_list" time="51.673" classname="com.tester.cases.PddTest"/>
  <testcase name="get_mall_info" time="6.937" classname="com.tester.cases.PddTest"/>
  <testcase name="get_limited_seckill" time="5.851" classname="com.tester.cases.PddTest"/>
  <testcase name="get_hot_goods" time="44.716" classname="com.tester.cases.PddTest"/>
</testsuite> <!-- com.tester.cases.PddTest -->
