<?xml version="1.0" encoding="UTF-8"?>
<!-- Generated by org.testng.reporters.JUnitReportReporter -->
<testsuite ignored="0" hostname="yaokaideMacBook-Pro.local" failures="0" tests="5" name="com.tester.cases.DuTest" time="19.236" errors="0" timestamp="28 4æœˆ 2020 01:30:14 GMT" skipped="0">
  <testcase classname="com.tester.cases.DuTest" name="ice_shopping" time="6.865"/>
  <testcase classname="com.tester.cases.DuTest" name="item_detail" time="6.196"/>
  <testcase classname="com.tester.cases.DuTest" name="ice_shopping_tab" time="0.277"/>
  <testcase classname="com.tester.cases.DuTest" name="call_nums" time="2.986"/>
  <testcase classname="com.tester.cases.DuTest" name="sold_list" time="2.912"/>
</testsuite> <!-- com.tester.cases.DuTest -->
