<?xml version="1.0" encoding="UTF-8"?>
<!-- Generated by org.testng.reporters.JUnitReportReporter -->
<testsuite ignored="0" hostname="yaokaideMacBook-Pro.local" failures="0" tests="4" name="com.tester.cases.Douyinv1Test" time="6.437" errors="0" timestamp="28 4æœˆ 2020 01:30:14 GMT" skipped="0">
  <testcase classname="com.tester.cases.Douyinv1Test" name="video_comment" time="0.296"/>
  <testcase classname="com.tester.cases.Douyinv1Test" name="user_info" time="0.892"/>
  <testcase classname="com.tester.cases.Douyinv1Test" name="user_video" time="2.792"/>
  <testcase classname="com.tester.cases.Douyinv1Test" name="user_goods" time="2.457"/>
</testsuite> <!-- com.tester.cases.Douyinv1Test -->
