<?xml version="1.0" encoding="UTF-8"?>
<!-- Generated by org.testng.reporters.JUnitReportReporter -->
<testsuite name="com.tester.cases.XHSv1Test" tests="10" time="99.965" ignored="0" failures="0" timestamp="28 四月 2020 09:30:10 GMT" skipped="0" hostname="yaokaideMacBook-Pro.local" errors="0">
  <testcase name="user_video" time="13.296" classname="com.tester.cases.XHSv1Test"/>
  <testcase name="user_search" time="8.459" classname="com.tester.cases.XHSv1Test"/>
  <testcase name="video_detail" time="2.403" classname="com.tester.cases.XHSv1Test"/>
  <testcase name="user_info" time="11.607" classname="com.tester.cases.XHSv1Test"/>
  <testcase name="note_comments" time="1.806" classname="com.tester.cases.XHSv1Test"/>
  <testcase name="user_focus" time="12.804" classname="com.tester.cases.XHSv1Test"/>
  <testcase name="note_detail" time="12.470" classname="com.tester.cases.XHSv1Test"/>
  <testcase name="user_note" time="12.120" classname="com.tester.cases.XHSv1Test"/>
  <testcase name="user_fans" time="11.073" classname="com.tester.cases.XHSv1Test"/>
  <testcase name="home_feed" time="13.927" classname="com.tester.cases.XHSv1Test"/>
</testsuite> <!-- com.tester.cases.XHSv1Test -->
