<?xml version="1.0" encoding="UTF-8"?>
<!-- Generated by org.testng.reporters.JUnitReportReporter -->
<testsuite ignored="0" hostname="yaokaideMacBook-Pro.local" failures="0" tests="5" name="com.tester.cases.KaoLaTest" time="12.096" errors="0" timestamp="28 4æœˆ 2020 01:30:14 GMT" skipped="0">
  <testcase classname="com.tester.cases.KaoLaTest" name="item_list" time="0.893"/>
  <testcase classname="com.tester.cases.KaoLaTest" name="shop_item" time="2.110"/>
  <testcase classname="com.tester.cases.KaoLaTest" name="shop_info" time="1.498"/>
  <testcase classname="com.tester.cases.KaoLaTest" name="leaf_cate" time="4.328"/>
  <testcase classname="com.tester.cases.KaoLaTest" name="item_detail" time="3.267"/>
</testsuite> <!-- com.tester.cases.KaoLaTest -->
