<?xml version="1.0" encoding="UTF-8"?>
<!-- Generated by org.testng.reporters.JUnitReportReporter -->
<testsuite name="com.tester.cases.MeiTuanTest" tests="4" time="83.659" ignored="0" failures="0" timestamp="28 四月 2020 09:30:10 GMT" skipped="0" hostname="yaokaideMacBook-Pro.local" errors="0">
  <testcase name="shop_foods" time="29.656" classname="com.tester.cases.MeiTuanTest"/>
  <testcase name="call_nums" time="23.255" classname="com.tester.cases.MeiTuanTest"/>
  <testcase name="shop_comments" time="23.165" classname="com.tester.cases.MeiTuanTest"/>
  <testcase name="homepage_shops" time="7.583" classname="com.tester.cases.MeiTuanTest"/>
</testsuite> <!-- com.tester.cases.MeiTuanTest -->
