<?xml version="1.0" encoding="UTF-8"?>
<!-- Generated by org.testng.reporters.JUnitReportReporter -->
<testsuite ignored="0" hostname="yaokaideMacBook-Pro.local" failures="0" tests="21" name="com.tester.cases.XHSv2Test" time="298.491" errors="0" timestamp="28 4æœˆ 2020 01:30:14 GMT" skipped="0">
  <testcase classname="com.tester.cases.XHSv2Test" name="shop_info" time="2.682"/>
  <testcase classname="com.tester.cases.XHSv2Test" name="item_price" time="3.264"/>
  <testcase classname="com.tester.cases.XHSv2Test" name="item_search" time="11.685"/>
  <testcase classname="com.tester.cases.XHSv2Test" name="user_search" time="14.260"/>
  <testcase classname="com.tester.cases.XHSv2Test" name="item_info" time="2.193"/>
  <testcase classname="com.tester.cases.XHSv2Test" name="note_search" time="29.174"/>
  <testcase classname="com.tester.cases.XHSv2Test" name="shop_font" time="2.404"/>
  <testcase classname="com.tester.cases.XHSv2Test" name="call_nums" time="7.809"/>
  <testcase classname="com.tester.cases.XHSv2Test" name="user_note" time="23.188"/>
  <testcase classname="com.tester.cases.XHSv2Test" name="user_focus" time="27.435"/>
  <testcase classname="com.tester.cases.XHSv2Test" name="item_comm" time="1.873"/>
  <testcase classname="com.tester.cases.XHSv2Test" name="channel_refresh" time="8.506"/>
  <testcase classname="com.tester.cases.XHSv2Test" name="user_fans" time="19.583"/>
  <testcase classname="com.tester.cases.XHSv2Test" name="user_video" time="28.576"/>
  <testcase classname="com.tester.cases.XHSv2Test" name="home_feed" time="30.125"/>
  <testcase classname="com.tester.cases.XHSv2Test" name="video_detail" time="11.272"/>
  <testcase classname="com.tester.cases.XHSv2Test" name="note_detail" time="23.910"/>
  <testcase classname="com.tester.cases.XHSv2Test" name="topic_notes" time="14.338"/>
  <testcase classname="com.tester.cases.XHSv2Test" name="note_comments" time="7.706"/>
  <testcase classname="com.tester.cases.XHSv2Test" name="user_info" time="20.449"/>
  <testcase classname="com.tester.cases.XHSv2Test" name="shop_items" time="8.059"/>
</testsuite> <!-- com.tester.cases.XHSv2Test -->
