<?xml version="1.0" encoding="UTF-8"?>
<!-- Generated by org.testng.reporters.JUnitReportReporter -->
<testsuite ignored="0" hostname="yaokaideMacBook-Pro.local" failures="0" tests="15" name="com.tester.cases.KuaiShouV2Test" time="334.944" errors="0" timestamp="28 4æœˆ 2020 01:30:14 GMT" skipped="0">
  <testcase classname="com.tester.cases.KuaiShouV2Test" name="hot_feed" time="22.969"/>
  <testcase classname="com.tester.cases.KuaiShouV2Test" name="share_video" time="30.560"/>
  <testcase classname="com.tester.cases.KuaiShouV2Test" name="get_live_square_list" time="3.933"/>
  <testcase classname="com.tester.cases.KuaiShouV2Test" name="nearby_feed" time="12.191"/>
  <testcase classname="com.tester.cases.KuaiShouV2Test" name="video_comment" time="6.197"/>
  <testcase classname="com.tester.cases.KuaiShouV2Test" name="user_video" time="39.362"/>
  <testcase classname="com.tester.cases.KuaiShouV2Test" name="get_live_users" time="24.387"/>
  <testcase classname="com.tester.cases.KuaiShouV2Test" name="user_info" time="25.222"/>
  <testcase classname="com.tester.cases.KuaiShouV2Test" name="get_live_info" time="35.327"/>
  <testcase classname="com.tester.cases.KuaiShouV2Test" name="get_live_district_rank" time="38.155"/>
  <testcase classname="com.tester.cases.KuaiShouV2Test" name="call_nums" time="6.381"/>
  <testcase classname="com.tester.cases.KuaiShouV2Test" name="get_live_square_refresh" time="32.309"/>
  <testcase classname="com.tester.cases.KuaiShouV2Test" name="product_list" time="31.024"/>
  <testcase classname="com.tester.cases.KuaiShouV2Test" name="get_live_top_users" time="5.552"/>
  <testcase classname="com.tester.cases.KuaiShouV2Test" name="video_detail" time="21.375"/>
</testsuite> <!-- com.tester.cases.KuaiShouV2Test -->
