<?xml version="1.0" encoding="UTF-8"?>
<!-- Generated by org.testng.reporters.JUnitReportReporter -->
<testsuite name="com.tester.cases.JingDongCPSTest" tests="1" time="0.653" ignored="0" failures="0" timestamp="30 三月 2020 09:12:29 GMT" skipped="0" hostname="yaokaidembp" errors="0">
  <testcase name="items" time="0.653" classname="com.tester.cases.JingDongCPSTest"/>
</testsuite> <!-- com.tester.cases.JingDongCPSTest -->
