<?xml version="1.0" encoding="UTF-8"?>
<!-- Generated by org.testng.reporters.JUnitReportReporter -->
<testsuite name="com.tester.cases.KuaiShouV1Test" tests="15" time="320.210" ignored="0" failures="0" timestamp="03 四月 2020 09:54:13 GMT" skipped="0" hostname="yaokaideMacBook-Pro.local" errors="0">
  <testcase name="get_live_square_refresh" time="41.655" classname="com.tester.cases.KuaiShouV1Test"/>
  <testcase name="get_live_top_users" time="2.665" classname="com.tester.cases.KuaiShouV1Test"/>
  <testcase name="user_video" time="44.536" classname="com.tester.cases.KuaiShouV1Test"/>
  <testcase name="product_list" time="40.642" classname="com.tester.cases.KuaiShouV1Test"/>
  <testcase name="get_live_info" time="42.082" classname="com.tester.cases.KuaiShouV1Test"/>
  <testcase name="nearby_feed" time="3.631" classname="com.tester.cases.KuaiShouV1Test"/>
  <testcase name="get_live_goods" time="11.678" classname="com.tester.cases.KuaiShouV1Test"/>
  <testcase name="get_live_district_rank" time="43.658" classname="com.tester.cases.KuaiShouV1Test"/>
  <testcase name="video_comment" time="3.128" classname="com.tester.cases.KuaiShouV1Test"/>
  <testcase name="video_detail" time="9.215" classname="com.tester.cases.KuaiShouV1Test"/>
  <testcase name="share_video" time="40.040" classname="com.tester.cases.KuaiShouV1Test"/>
  <testcase name="get_live_users" time="12.639" classname="com.tester.cases.KuaiShouV1Test"/>
  <testcase name="hot_feed" time="9.855" classname="com.tester.cases.KuaiShouV1Test"/>
  <testcase name="user_info" time="13.219" classname="com.tester.cases.KuaiShouV1Test"/>
  <testcase name="get_live_square_list" time="1.567" classname="com.tester.cases.KuaiShouV1Test"/>
</testsuite> <!-- com.tester.cases.KuaiShouV1Test -->
