<?xml version="1.0" encoding="UTF-8"?>
<!-- Generated by org.testng.reporters.JUnitReportReporter -->
<testsuite ignored="0" hostname="yaokaideMacBook-Pro.local" failures="0" tests="1" name="com.tester.cases.DouyinLiteTest" time="0.610" errors="0" timestamp="28 4æœˆ 2020 01:30:14 GMT" skipped="0">
  <testcase classname="com.tester.cases.DouyinLiteTest" name="get_user_following_list" time="0.610"/>
</testsuite> <!-- com.tester.cases.DouyinLiteTest -->
