<?xml version="1.0" encoding="UTF-8"?>
<!-- Generated by org.testng.reporters.JUnitReportReporter -->
<testsuite name="com.tester.cases.JingDongTest" tests="8" time="24.305" ignored="0" failures="0" timestamp="30 三月 2020 09:12:29 GMT" skipped="0" hostname="yaokaidembp" errors="0">
  <testcase name="crawlSkuComment" time="5.491" classname="com.tester.cases.JingDongTest"/>
  <testcase name="crawlCommentsCounts" time="1.413" classname="com.tester.cases.JingDongTest"/>
  <testcase name="crawlSkuPrices" time="1.076" classname="com.tester.cases.JingDongTest"/>
  <testcase name="crawlShopDetails" time="0.754" classname="com.tester.cases.JingDongTest"/>
  <testcase name="crawlPageByBrandName" time="3.482" classname="com.tester.cases.JingDongTest"/>
  <testcase name="crawlSkuCommentAndCount" time="5.001" classname="com.tester.cases.JingDongTest"/>
  <testcase name="crawlPageShopProducts" time="6.672" classname="com.tester.cases.JingDongTest"/>
  <testcase name="crawlShopVenderId" time="0.416" classname="com.tester.cases.JingDongTest"/>
</testsuite> <!-- com.tester.cases.JingDongTest -->
