<?xml version="1.0" encoding="UTF-8"?>
<!-- Generated by org.testng.reporters.JUnitReportReporter -->
<testsuite name="com.tester.cases.JingDongTest" tests="8" time="19.223" ignored="0" failures="0" timestamp="03 四月 2020 09:54:13 GMT" skipped="0" hostname="yaokaideMacBook-Pro.local" errors="0">
  <testcase name="crawlSkuComment" time="4.043" classname="com.tester.cases.JingDongTest"/>
  <testcase name="crawlSkuCommentAndCount" time="3.474" classname="com.tester.cases.JingDongTest"/>
  <testcase name="crawlShopVenderId" time="0.360" classname="com.tester.cases.JingDongTest"/>
  <testcase name="crawlPageShopProducts" time="4.569" classname="com.tester.cases.JingDongTest"/>
  <testcase name="crawlSkuPrices" time="1.403" classname="com.tester.cases.JingDongTest"/>
  <testcase name="crawlCommentsCounts" time="1.814" classname="com.tester.cases.JingDongTest"/>
  <testcase name="crawlShopDetails" time="0.658" classname="com.tester.cases.JingDongTest"/>
  <testcase name="crawlPageByBrandName" time="2.902" classname="com.tester.cases.JingDongTest"/>
</testsuite> <!-- com.tester.cases.JingDongTest -->
