<?xml version="1.0" encoding="UTF-8"?>
<!-- Generated by org.testng.reporters.JUnitReportReporter -->
<testsuite name="com.tester.cases.XHSv1Test" tests="9" time="37.077" ignored="0" failures="0" timestamp="30 三月 2020 09:12:29 GMT" skipped="0" hostname="yaokaidembp" errors="0">
  <testcase name="note_detail" time="4.831" classname="com.tester.cases.XHSv1Test"/>
  <testcase name="user_fans" time="2.967" classname="com.tester.cases.XHSv1Test"/>
  <testcase name="video_detail" time="1.422" classname="com.tester.cases.XHSv1Test"/>
  <testcase name="home_feed" time="7.496" classname="com.tester.cases.XHSv1Test"/>
  <testcase name="note_comments" time="0.840" classname="com.tester.cases.XHSv1Test"/>
  <testcase name="user_focus" time="5.589" classname="com.tester.cases.XHSv1Test"/>
  <testcase name="user_note" time="4.130" classname="com.tester.cases.XHSv1Test"/>
  <testcase name="user_info" time="3.398" classname="com.tester.cases.XHSv1Test"/>
  <testcase name="user_video" time="6.404" classname="com.tester.cases.XHSv1Test"/>
</testsuite> <!-- com.tester.cases.XHSv1Test -->
