<?xml version="1.0" encoding="UTF-8"?>
<!-- Generated by org.testng.reporters.JUnitReportReporter -->
<testsuite name="com.tester.cases.KaoLaTest" tests="5" time="21.684" ignored="0" failures="0" timestamp="28 四月 2020 09:30:10 GMT" skipped="0" hostname="yaokaideMacBook-Pro.local" errors="0">
  <testcase name="shop_item" time="4.867" classname="com.tester.cases.KaoLaTest"/>
  <testcase name="item_detail" time="5.985" classname="com.tester.cases.KaoLaTest"/>
  <testcase name="leaf_cate" time="6.562" classname="com.tester.cases.KaoLaTest"/>
  <testcase name="item_list" time="0.810" classname="com.tester.cases.KaoLaTest"/>
  <testcase name="shop_info" time="3.460" classname="com.tester.cases.KaoLaTest"/>
</testsuite> <!-- com.tester.cases.KaoLaTest -->
