<?xml version="1.0" encoding="UTF-8"?>
<!-- Generated by org.testng.reporters.JUnitReportReporter -->
<testsuite name="com.tester.cases.Douyinv1Test" tests="4" time="24.064" ignored="0" failures="0" timestamp="30 三月 2020 09:12:29 GMT" skipped="0" hostname="yaokaidembp" errors="0">
  <testcase name="video_comment" time="0.385" classname="com.tester.cases.Douyinv1Test"/>
  <testcase name="user_video" time="21.489" classname="com.tester.cases.Douyinv1Test"/>
  <testcase name="user_goods" time="1.367" classname="com.tester.cases.Douyinv1Test"/>
  <testcase name="user_info" time="0.823" classname="com.tester.cases.Douyinv1Test"/>
</testsuite> <!-- com.tester.cases.Douyinv1Test -->
