<?xml version="1.0" encoding="UTF-8"?>
<!-- Generated by org.testng.reporters.JUnitReportReporter -->
<testsuite name="com.tester.cases.DouyinAweTest" tests="11" time="110.232" ignored="0" failures="0" timestamp="28 四月 2020 09:30:10 GMT" skipped="0" hostname="yaokaideMacBook-Pro.local" errors="0">
  <testcase name="get_aweme_comment" time="5.378" classname="com.tester.cases.DouyinAweTest"/>
  <testcase name="hot_recommend" time="4.241" classname="com.tester.cases.DouyinAweTest"/>
  <testcase name="get_aweme_list" time="21.828" classname="com.tester.cases.DouyinAweTest"/>
  <testcase name="user_room" time="6.085" classname="com.tester.cases.DouyinAweTest"/>
  <testcase name="user_hot_video" time="11.720" classname="com.tester.cases.DouyinAweTest"/>
  <testcase name="user_info" time="5.825" classname="com.tester.cases.DouyinAweTest"/>
  <testcase name="video_info" time="4.444" classname="com.tester.cases.DouyinAweTest"/>
  <testcase name="get_user_info" time="8.491" classname="com.tester.cases.DouyinAweTest"/>
  <testcase name="get_aweme_info" time="13.206" classname="com.tester.cases.DouyinAweTest"/>
  <testcase name="get_promotion_list" time="4.914" classname="com.tester.cases.DouyinAweTest"/>
  <testcase name="user_video" time="24.100" classname="com.tester.cases.DouyinAweTest"/>
</testsuite> <!-- com.tester.cases.DouyinAweTest -->
