<?xml version="1.0" encoding="UTF-8"?>
<!-- Generated by org.testng.reporters.JUnitReportReporter -->
<testsuite name="com.tester.cases.DuTest" tests="5" time="19.686" ignored="0" failures="0" timestamp="03 四月 2020 09:54:13 GMT" skipped="0" hostname="yaokaideMacBook-Pro.local" errors="0">
  <testcase name="call_nums" time="3.346" classname="com.tester.cases.DuTest"/>
  <testcase name="ice_shopping" time="6.489" classname="com.tester.cases.DuTest"/>
  <testcase name="sold_list" time="3.257" classname="com.tester.cases.DuTest"/>
  <testcase name="ice_shopping_tab" time="1.677" classname="com.tester.cases.DuTest"/>
  <testcase name="item_detail" time="4.917" classname="com.tester.cases.DuTest"/>
</testsuite> <!-- com.tester.cases.DuTest -->
