<?xml version="1.0" encoding="UTF-8"?>
<!-- Generated by org.testng.reporters.JUnitReportReporter -->
<testsuite name="com.tester.cases.AlibabaTest" tests="6" time="47.421" ignored="0" failures="0" timestamp="28 四月 2020 09:30:10 GMT" skipped="0" hostname="yaokaideMacBook-Pro.local" errors="0">
  <testcase name="get_product_info" time="8.526" classname="com.tester.cases.AlibabaTest"/>
  <testcase name="get_item_info_h5" time="7.575" classname="com.tester.cases.AlibabaTest"/>
  <testcase name="get_shop_items" time="4.147" classname="com.tester.cases.AlibabaTest"/>
  <testcase name="get_cate_info" time="11.884" classname="com.tester.cases.AlibabaTest"/>
  <testcase name="get_search_list" time="6.791" classname="com.tester.cases.AlibabaTest"/>
  <testcase name="get_comment_list" time="8.498" classname="com.tester.cases.AlibabaTest"/>
</testsuite> <!-- com.tester.cases.AlibabaTest -->
