<?xml version="1.0" encoding="UTF-8"?>
<!-- Generated by org.testng.reporters.JUnitReportReporter -->
<testsuite ignored="0" hostname="yaokaideMacBook-Pro.local" failures="0" tests="7" name="com.tester.cases.TBAPPTest" time="114.249" errors="0" timestamp="28 4æœˆ 2020 01:30:14 GMT" skipped="0">
  <testcase classname="com.tester.cases.TBAPPTest" name="call_nums" time="13.874"/>
  <testcase classname="com.tester.cases.TBAPPTest" name="channel_info" time="16.802"/>
  <testcase classname="com.tester.cases.TBAPPTest" name="live_detail" time="13.791"/>
  <testcase classname="com.tester.cases.TBAPPTest" name="get_shop_items" time="8.456"/>
  <testcase classname="com.tester.cases.TBAPPTest" name="video_list" time="12.850"/>
  <testcase classname="com.tester.cases.TBAPPTest" name="broadcaster_info" time="24.954"/>
  <testcase classname="com.tester.cases.TBAPPTest" name="goods_list" time="23.522"/>
</testsuite> <!-- com.tester.cases.TBAPPTest -->
