<?xml version="1.0" encoding="UTF-8"?>
<!-- Generated by org.testng.reporters.JUnitReportReporter -->
<testsuite name="com.tester.cases.XHSv2Test" tests="20" time="154.330" ignored="0" failures="0" timestamp="03 四月 2020 09:54:13 GMT" skipped="0" hostname="yaokaideMacBook-Pro.local" errors="0">
  <testcase name="topic_notes" time="7.777" classname="com.tester.cases.XHSv2Test"/>
  <testcase name="user_video" time="16.164" classname="com.tester.cases.XHSv2Test"/>
  <testcase name="user_fans" time="9.514" classname="com.tester.cases.XHSv2Test"/>
  <testcase name="item_info" time="0.616" classname="com.tester.cases.XHSv2Test"/>
  <testcase name="note_detail" time="12.982" classname="com.tester.cases.XHSv2Test"/>
  <testcase name="user_note" time="12.193" classname="com.tester.cases.XHSv2Test"/>
  <testcase name="user_focus" time="15.346" classname="com.tester.cases.XHSv2Test"/>
  <testcase name="note_search" time="16.886" classname="com.tester.cases.XHSv2Test"/>
  <testcase name="home_feed" time="17.704" classname="com.tester.cases.XHSv2Test"/>
  <testcase name="call_nums" time="3.922" classname="com.tester.cases.XHSv2Test"/>
  <testcase name="shop_info" time="1.735" classname="com.tester.cases.XHSv2Test"/>
  <testcase name="note_comments" time="3.845" classname="com.tester.cases.XHSv2Test"/>
  <testcase name="shop_font" time="1.008" classname="com.tester.cases.XHSv2Test"/>
  <testcase name="shop_items" time="4.505" classname="com.tester.cases.XHSv2Test"/>
  <testcase name="item_price" time="2.437" classname="com.tester.cases.XHSv2Test"/>
  <testcase name="channel_refresh" time="4.974" classname="com.tester.cases.XHSv2Test"/>
  <testcase name="user_info" time="10.495" classname="com.tester.cases.XHSv2Test"/>
  <testcase name="video_detail" time="5.723" classname="com.tester.cases.XHSv2Test"/>
  <testcase name="item_search" time="6.119" classname="com.tester.cases.XHSv2Test"/>
  <testcase name="item_comm" time="0.385" classname="com.tester.cases.XHSv2Test"/>
</testsuite> <!-- com.tester.cases.XHSv2Test -->
