<?xml version="1.0" encoding="UTF-8"?>
<!-- Generated by org.testng.reporters.JUnitReportReporter -->
<testsuite name="com.tester.cases.XHSv2Test" tests="21" time="244.509" ignored="0" failures="0" timestamp="28 四月 2020 09:30:10 GMT" skipped="0" hostname="yaokaideMacBook-Pro.local" errors="0">
  <testcase name="shop_items" time="4.882" classname="com.tester.cases.XHSv2Test"/>
  <testcase name="home_feed" time="28.036" classname="com.tester.cases.XHSv2Test"/>
  <testcase name="call_nums" time="4.410" classname="com.tester.cases.XHSv2Test"/>
  <testcase name="shop_font" time="0.682" classname="com.tester.cases.XHSv2Test"/>
  <testcase name="item_price" time="2.734" classname="com.tester.cases.XHSv2Test"/>
  <testcase name="note_comments" time="4.333" classname="com.tester.cases.XHSv2Test"/>
  <testcase name="user_search" time="11.737" classname="com.tester.cases.XHSv2Test"/>
  <testcase name="user_note" time="19.567" classname="com.tester.cases.XHSv2Test"/>
  <testcase name="shop_info" time="2.524" classname="com.tester.cases.XHSv2Test"/>
  <testcase name="item_info" time="0.428" classname="com.tester.cases.XHSv2Test"/>
  <testcase name="note_search" time="26.435" classname="com.tester.cases.XHSv2Test"/>
  <testcase name="user_info" time="16.478" classname="com.tester.cases.XHSv2Test"/>
  <testcase name="topic_notes" time="13.314" classname="com.tester.cases.XHSv2Test"/>
  <testcase name="user_video" time="24.840" classname="com.tester.cases.XHSv2Test"/>
  <testcase name="user_focus" time="22.840" classname="com.tester.cases.XHSv2Test"/>
  <testcase name="video_detail" time="9.694" classname="com.tester.cases.XHSv2Test"/>
  <testcase name="channel_refresh" time="5.150" classname="com.tester.cases.XHSv2Test"/>
  <testcase name="item_search" time="10.050" classname="com.tester.cases.XHSv2Test"/>
  <testcase name="item_comm" time="0.216" classname="com.tester.cases.XHSv2Test"/>
  <testcase name="note_detail" time="21.257" classname="com.tester.cases.XHSv2Test"/>
  <testcase name="user_fans" time="14.902" classname="com.tester.cases.XHSv2Test"/>
</testsuite> <!-- com.tester.cases.XHSv2Test -->
