<?xml version="1.0" encoding="UTF-8"?>
<!-- Generated by org.testng.reporters.JUnitReportReporter -->
<testsuite name="com.tester.cases.DouyinAweTest" tests="5" time="18.963" ignored="0" failures="0" timestamp="30 三月 2020 09:12:29 GMT" skipped="0" hostname="yaokaidembp" errors="0">
  <testcase name="get_aweme_info" time="5.507" classname="com.tester.cases.DouyinAweTest"/>
  <testcase name="get_aweme_list" time="8.679" classname="com.tester.cases.DouyinAweTest"/>
  <testcase name="get_aweme_comment" time="0.895" classname="com.tester.cases.DouyinAweTest"/>
  <testcase name="get_promotion_list" time="0.544" classname="com.tester.cases.DouyinAweTest"/>
  <testcase name="get_user_info" time="3.338" classname="com.tester.cases.DouyinAweTest"/>
</testsuite> <!-- com.tester.cases.DouyinAweTest -->
