<?xml version="1.0" encoding="UTF-8"?>
<!-- Generated by org.testng.reporters.JUnitReportReporter -->
<testsuite name="com.tester.cases.KuaiShouTest" tests="16" time="491.965" ignored="0" failures="0" timestamp="30 三月 2020 09:12:29 GMT" skipped="0" hostname="yaokaidembp" errors="0">
  <testcase name="call_nums" time="21.536" classname="com.tester.cases.KuaiShouTest"/>
  <testcase name="product_list" time="38.048" classname="com.tester.cases.KuaiShouTest"/>
  <testcase name="get_live_district_rank" time="41.428" classname="com.tester.cases.KuaiShouTest"/>
  <testcase name="nearby_feed" time="22.953" classname="com.tester.cases.KuaiShouTest"/>
  <testcase name="get_live_square_list" time="2.045" classname="com.tester.cases.KuaiShouTest"/>
  <testcase name="get_live_square_refresh" time="39.233" classname="com.tester.cases.KuaiShouTest"/>
  <testcase name="get_live_top_users" time="19.400" classname="com.tester.cases.KuaiShouTest"/>
  <testcase name="video_detail" time="28.512" classname="com.tester.cases.KuaiShouTest"/>
  <testcase name="user_video" time="42.886" classname="com.tester.cases.KuaiShouTest"/>
  <testcase name="share_video" time="37.468" classname="com.tester.cases.KuaiShouTest"/>
  <testcase name="get_live_users" time="35.753" classname="com.tester.cases.KuaiShouTest"/>
  <testcase name="get_live_info" time="39.886" classname="com.tester.cases.KuaiShouTest"/>
  <testcase name="video_comment" time="20.516" classname="com.tester.cases.KuaiShouTest"/>
  <testcase name="hot_feed" time="31.597" classname="com.tester.cases.KuaiShouTest"/>
  <testcase name="user_info" time="36.719" classname="com.tester.cases.KuaiShouTest"/>
  <testcase name="get_live_goods" time="33.985" classname="com.tester.cases.KuaiShouTest"/>
</testsuite> <!-- com.tester.cases.KuaiShouTest -->
