<?xml version="1.0" encoding="UTF-8"?>
<!-- Generated by org.testng.reporters.JUnitReportReporter -->
<testsuite ignored="0" hostname="yaokaideMacBook-Pro.local" failures="0" tests="6" name="com.tester.cases.AlibabaTest" time="60.989" errors="0" timestamp="28 4æœˆ 2020 01:30:14 GMT" skipped="0">
  <testcase classname="com.tester.cases.AlibabaTest" name="get_cate_info" time="14.733"/>
  <testcase classname="com.tester.cases.AlibabaTest" name="get_search_list" time="9.264"/>
  <testcase classname="com.tester.cases.AlibabaTest" name="get_product_info" time="11.393"/>
  <testcase classname="com.tester.cases.AlibabaTest" name="get_comment_list" time="11.367"/>
  <testcase classname="com.tester.cases.AlibabaTest" name="get_item_info_h5" time="10.189"/>
  <testcase classname="com.tester.cases.AlibabaTest" name="get_shop_items" time="4.043"/>
</testsuite> <!-- com.tester.cases.AlibabaTest -->
