<?xml version="1.0" encoding="UTF-8"?>
<!-- Generated by org.testng.reporters.JUnitReportReporter -->
<testsuite name="com.tester.cases.DouyinShareTest" tests="2" time="12.763" ignored="0" failures="0" timestamp="30 三月 2020 09:12:29 GMT" skipped="0" hostname="yaokaidembp" errors="0">
  <testcase name="user_video" time="7.171" classname="com.tester.cases.DouyinShareTest"/>
  <testcase name="user_info" time="5.592" classname="com.tester.cases.DouyinShareTest"/>
</testsuite> <!-- com.tester.cases.DouyinShareTest -->
