<?xml version="1.0" encoding="UTF-8"?>
<!-- Generated by org.testng.reporters.JUnitReportReporter -->
<testsuite name="com.tester.cases.DouyinLiteTest" tests="1" time="1.237" ignored="0" failures="0" timestamp="30 三月 2020 09:12:29 GMT" skipped="0" hostname="yaokaidembp" errors="0">
  <testcase name="get_user_following_list" time="1.237" classname="com.tester.cases.DouyinLiteTest"/>
</testsuite> <!-- com.tester.cases.DouyinLiteTest -->
