<?xml version="1.0" encoding="UTF-8"?>
<!-- Generated by org.testng.reporters.JUnitReportReporter -->
<testsuite name="com.tester.cases.DouyinLiteTest" tests="1" time="0.696" ignored="0" failures="0" timestamp="28 四月 2020 09:30:10 GMT" skipped="0" hostname="yaokaideMacBook-Pro.local" errors="0">
  <testcase name="get_user_following_list" time="0.696" classname="com.tester.cases.DouyinLiteTest"/>
</testsuite> <!-- com.tester.cases.DouyinLiteTest -->
