<?xml version="1.0" encoding="UTF-8"?>
<!-- Generated by org.testng.reporters.JUnitReportReporter -->
<testsuite name="com.tester.cases.TBAPPTest" tests="7" time="125.480" ignored="0" failures="0" timestamp="28 四月 2020 09:30:10 GMT" skipped="0" hostname="yaokaideMacBook-Pro.local" errors="0">
  <testcase name="channel_info" time="17.738" classname="com.tester.cases.TBAPPTest"/>
  <testcase name="video_list" time="13.301" classname="com.tester.cases.TBAPPTest"/>
  <testcase name="call_nums" time="15.425" classname="com.tester.cases.TBAPPTest"/>
  <testcase name="get_shop_items" time="8.659" classname="com.tester.cases.TBAPPTest"/>
  <testcase name="live_detail" time="15.337" classname="com.tester.cases.TBAPPTest"/>
  <testcase name="broadcaster_info" time="30.461" classname="com.tester.cases.TBAPPTest"/>
  <testcase name="goods_list" time="24.559" classname="com.tester.cases.TBAPPTest"/>
</testsuite> <!-- com.tester.cases.TBAPPTest -->
