<?xml version="1.0" encoding="UTF-8"?>
<!-- Generated by org.testng.reporters.JUnitReportReporter -->
<testsuite name="com.tester.cases.DouyinShareTest" tests="2" time="2.560" ignored="0" failures="0" timestamp="03 四月 2020 09:54:13 GMT" skipped="0" hostname="yaokaideMacBook-Pro.local" errors="0">
  <testcase name="user_info" time="0.387" classname="com.tester.cases.DouyinShareTest"/>
  <testcase name="user_video" time="2.173" classname="com.tester.cases.DouyinShareTest"/>
</testsuite> <!-- com.tester.cases.DouyinShareTest -->
