<?xml version="1.0" encoding="UTF-8"?>
<!-- Generated by org.testng.reporters.JUnitReportReporter -->
<testsuite name="com.tester.cases.DuTest" tests="5" time="23.264" ignored="0" failures="0" timestamp="30 三月 2020 09:12:29 GMT" skipped="0" hostname="yaokaidembp" errors="0">
  <testcase name="item_detail" time="5.895" classname="com.tester.cases.DuTest"/>
  <testcase name="call_nums" time="4.279" classname="com.tester.cases.DuTest"/>
  <testcase name="ice_shopping" time="7.479" classname="com.tester.cases.DuTest"/>
  <testcase name="sold_list" time="3.717" classname="com.tester.cases.DuTest"/>
  <testcase name="ice_shopping_tab" time="1.894" classname="com.tester.cases.DuTest"/>
</testsuite> <!-- com.tester.cases.DuTest -->
