<?xml version="1.0" encoding="UTF-8"?>
<!-- Generated by org.testng.reporters.JUnitReportReporter -->
<testsuite name="com.tester.cases.XHSv1Test" tests="9" time="41.641" ignored="0" failures="0" timestamp="03 四月 2020 09:54:13 GMT" skipped="0" hostname="yaokaideMacBook-Pro.local" errors="0">
  <testcase name="user_fans" time="3.273" classname="com.tester.cases.XHSv1Test"/>
  <testcase name="user_video" time="7.242" classname="com.tester.cases.XHSv1Test"/>
  <testcase name="user_info" time="3.887" classname="com.tester.cases.XHSv1Test"/>
  <testcase name="note_comments" time="0.776" classname="com.tester.cases.XHSv1Test"/>
  <testcase name="user_focus" time="6.057" classname="com.tester.cases.XHSv1Test"/>
  <testcase name="home_feed" time="8.716" classname="com.tester.cases.XHSv1Test"/>
  <testcase name="user_note" time="4.612" classname="com.tester.cases.XHSv1Test"/>
  <testcase name="note_detail" time="5.323" classname="com.tester.cases.XHSv1Test"/>
  <testcase name="video_detail" time="1.755" classname="com.tester.cases.XHSv1Test"/>
</testsuite> <!-- com.tester.cases.XHSv1Test -->
