<?xml version="1.0" encoding="UTF-8"?>
<!-- Generated by org.testng.reporters.JUnitReportReporter -->
<testsuite name="com.tester.cases.TBTest" tests="7" time="28.605" ignored="0" failures="0" timestamp="28 四月 2020 09:30:10 GMT" skipped="0" hostname="yaokaideMacBook-Pro.local" errors="0">
  <testcase name="get_daren_feed" time="6.670" classname="com.tester.cases.TBTest"/>
  <testcase name="get_good_goods" time="1.153" classname="com.tester.cases.TBTest"/>
  <testcase name="get_tb_comment" time="5.902" classname="com.tester.cases.TBTest"/>
  <testcase name="get_goods_detail" time="0.537" classname="com.tester.cases.TBTest"/>
  <testcase name="get_questions" time="3.166" classname="com.tester.cases.TBTest"/>
  <testcase name="get_ask_tag" time="3.584" classname="com.tester.cases.TBTest"/>
  <testcase name="get_daren_info" time="7.593" classname="com.tester.cases.TBTest"/>
</testsuite> <!-- com.tester.cases.TBTest -->
