<?xml version="1.0" encoding="UTF-8"?>
<!-- Generated by org.testng.reporters.JUnitReportReporter -->
<testsuite name="com.tester.cases.DouyinAweTest" tests="5" time="38.872" ignored="0" failures="0" timestamp="03 四月 2020 09:54:13 GMT" skipped="0" hostname="yaokaideMacBook-Pro.local" errors="0">
  <testcase name="get_user_info" time="11.956" classname="com.tester.cases.DouyinAweTest"/>
  <testcase name="get_aweme_comment" time="0.688" classname="com.tester.cases.DouyinAweTest"/>
  <testcase name="get_aweme_list" time="13.242" classname="com.tester.cases.DouyinAweTest"/>
  <testcase name="get_aweme_info" time="12.577" classname="com.tester.cases.DouyinAweTest"/>
  <testcase name="get_promotion_list" time="0.409" classname="com.tester.cases.DouyinAweTest"/>
</testsuite> <!-- com.tester.cases.DouyinAweTest -->
