<?xml version="1.0" encoding="UTF-8"?>
<!-- Generated by org.testng.reporters.JUnitReportReporter -->
<testsuite name="com.tester.cases.PddTest" tests="17" time="760.947" ignored="0" failures="0" timestamp="28 四月 2020 09:30:10 GMT" skipped="0" hostname="yaokaideMacBook-Pro.local" errors="0">
  <testcase name="get_99_goods" time="70.854" classname="com.tester.cases.PddTest"/>
  <testcase name="get_clearance_sale_goods" time="40.998" classname="com.tester.cases.PddTest"/>
  <testcase name="get_daily_good_mall" time="2.458" classname="com.tester.cases.PddTest"/>
  <testcase name="get_electrical_goods" time="75.458" classname="com.tester.cases.PddTest"/>
  <testcase name="get_fenlei_goods" time="37.468" classname="com.tester.cases.PddTest"/>
  <testcase name="get_love_shopping_goods" time="74.646" classname="com.tester.cases.PddTest"/>
  <testcase name="get_goods_detail" time="0.947" classname="com.tester.cases.PddTest"/>
  <testcase name="get_mall_most_goods" time="70.259" classname="com.tester.cases.PddTest"/>
  <testcase name="get_mall_similar_goods" time="0.316" classname="com.tester.cases.PddTest"/>
  <testcase name="get_limited_seckill" time="1.243" classname="com.tester.cases.PddTest"/>
  <testcase name="get_hot_goods" time="39.909" classname="com.tester.cases.PddTest"/>
  <testcase name="get_pdd_date" time="76.270" classname="com.tester.cases.PddTest"/>
  <testcase name="get_cat_id_list" time="77.036" classname="com.tester.cases.PddTest"/>
  <testcase name="get_subsidy_goods" time="76.983" classname="com.tester.cases.PddTest"/>
  <testcase name="get_new_clothes_goods" time="73.121" classname="com.tester.cases.PddTest"/>
  <testcase name="get_similar_goods" time="39.621" classname="com.tester.cases.PddTest"/>
  <testcase name="get_mall_info" time="3.360" classname="com.tester.cases.PddTest"/>
</testsuite> <!-- com.tester.cases.PddTest -->
