<?xml version="1.0" encoding="UTF-8"?>
<!-- Generated by org.testng.reporters.JUnitReportReporter -->
<testsuite name="com.tester.cases.PddTest" tests="17" time="199.594" ignored="0" failures="0" timestamp="30 三月 2020 09:12:29 GMT" skipped="0" hostname="yaokaidembp" errors="0">
  <testcase name="get_pdd_date" time="18.716" classname="com.tester.cases.PddTest"/>
  <testcase name="get_mall_info" time="3.447" classname="com.tester.cases.PddTest"/>
  <testcase name="get_mall_similar_goods" time="0.704" classname="com.tester.cases.PddTest"/>
  <testcase name="get_cat_id_list" time="19.756" classname="com.tester.cases.PddTest"/>
  <testcase name="get_subsidy_goods" time="19.278" classname="com.tester.cases.PddTest"/>
  <testcase name="get_love_shopping_goods" time="17.566" classname="com.tester.cases.PddTest"/>
  <testcase name="get_fenlei_goods" time="10.267" classname="com.tester.cases.PddTest"/>
  <testcase name="get_limited_seckill" time="1.928" classname="com.tester.cases.PddTest"/>
  <testcase name="get_similar_goods" time="12.284" classname="com.tester.cases.PddTest"/>
  <testcase name="get_daily_good_mall" time="2.662" classname="com.tester.cases.PddTest"/>
  <testcase name="get_99_goods" time="15.309" classname="com.tester.cases.PddTest"/>
  <testcase name="get_goods_detail" time="1.248" classname="com.tester.cases.PddTest"/>
  <testcase name="get_mall_most_goods" time="14.609" classname="com.tester.cases.PddTest"/>
  <testcase name="get_electrical_goods" time="18.303" classname="com.tester.cases.PddTest"/>
  <testcase name="get_clearance_sale_goods" time="14.088" classname="com.tester.cases.PddTest"/>
  <testcase name="get_new_clothes_goods" time="16.330" classname="com.tester.cases.PddTest"/>
  <testcase name="get_hot_goods" time="13.099" classname="com.tester.cases.PddTest"/>
</testsuite> <!-- com.tester.cases.PddTest -->
