<?xml version="1.0" encoding="UTF-8"?>
<!-- Generated by org.testng.reporters.JUnitReportReporter -->
<testsuite name="com.tester.cases.KaoLaTest" tests="5" time="14.105" ignored="0" failures="0" timestamp="03 四月 2020 09:54:13 GMT" skipped="0" hostname="yaokaideMacBook-Pro.local" errors="0">
  <testcase name="item_list" time="1.122" classname="com.tester.cases.KaoLaTest"/>
  <testcase name="item_detail" time="4.016" classname="com.tester.cases.KaoLaTest"/>
  <testcase name="leaf_cate" time="4.405" classname="com.tester.cases.KaoLaTest"/>
  <testcase name="shop_info" time="1.968" classname="com.tester.cases.KaoLaTest"/>
  <testcase name="shop_item" time="2.594" classname="com.tester.cases.KaoLaTest"/>
</testsuite> <!-- com.tester.cases.KaoLaTest -->
