<?xml version="1.0" encoding="UTF-8"?>
<!-- Generated by org.testng.reporters.JUnitReportReporter -->
<testsuite name="com.tester.cases.MeiTuanTest" tests="4" time="7.603" ignored="0" failures="0" timestamp="03 四月 2020 09:54:13 GMT" skipped="0" hostname="yaokaideMacBook-Pro.local" errors="0">
  <testcase name="call_nums" time="1.870" classname="com.tester.cases.MeiTuanTest"/>
  <testcase name="homepage_shops" time="1.090" classname="com.tester.cases.MeiTuanTest"/>
  <testcase name="shop_foods" time="2.848" classname="com.tester.cases.MeiTuanTest"/>
  <testcase name="shop_comments" time="1.795" classname="com.tester.cases.MeiTuanTest"/>
</testsuite> <!-- com.tester.cases.MeiTuanTest -->
