<?xml version="1.0" encoding="UTF-8"?>
<!-- Generated by org.testng.reporters.JUnitReportReporter -->
<testsuite ignored="0" hostname="yaokaideMacBook-Pro.local" failures="0" tests="10" name="com.tester.cases.XHSv1Test" time="80.976" errors="0" timestamp="28 4æœˆ 2020 01:30:14 GMT" skipped="0">
  <testcase classname="com.tester.cases.XHSv1Test" name="home_feed" time="11.794"/>
  <testcase classname="com.tester.cases.XHSv1Test" name="user_focus" time="10.696"/>
  <testcase classname="com.tester.cases.XHSv1Test" name="user_video" time="11.106"/>
  <testcase classname="com.tester.cases.XHSv1Test" name="user_note" time="9.311"/>
  <testcase classname="com.tester.cases.XHSv1Test" name="user_fans" time="7.354"/>
  <testcase classname="com.tester.cases.XHSv1Test" name="user_search" time="5.780"/>
  <testcase classname="com.tester.cases.XHSv1Test" name="note_comments" time="0.608"/>
  <testcase classname="com.tester.cases.XHSv1Test" name="user_info" time="8.752"/>
  <testcase classname="com.tester.cases.XHSv1Test" name="note_detail" time="10.290"/>
  <testcase classname="com.tester.cases.XHSv1Test" name="video_detail" time="5.285"/>
</testsuite> <!-- com.tester.cases.XHSv1Test -->
