<?xml version="1.0" encoding="UTF-8"?>
<!-- Generated by org.testng.reporters.JUnitReportReporter -->
<testsuite name="com.tester.cases.DuTest" tests="5" time="40.355" ignored="0" failures="0" timestamp="28 四月 2020 09:30:10 GMT" skipped="0" hostname="yaokaideMacBook-Pro.local" errors="0">
  <testcase name="ice_shopping" time="10.999" classname="com.tester.cases.DuTest"/>
  <testcase name="call_nums" time="7.394" classname="com.tester.cases.DuTest"/>
  <testcase name="ice_shopping_tab" time="5.676" classname="com.tester.cases.DuTest"/>
  <testcase name="item_detail" time="8.968" classname="com.tester.cases.DuTest"/>
  <testcase name="sold_list" time="7.318" classname="com.tester.cases.DuTest"/>
</testsuite> <!-- com.tester.cases.DuTest -->
