<?xml version="1.0" encoding="UTF-8"?>
<!-- Generated by org.testng.reporters.JUnitReportReporter -->
<testsuite name="com.tester.cases.XHSv2Test" tests="20" time="182.927" ignored="0" failures="0" timestamp="30 三月 2020 09:12:29 GMT" skipped="0" hostname="yaokaidembp" errors="0">
  <testcase name="channel_refresh" time="6.169" classname="com.tester.cases.XHSv2Test"/>
  <testcase name="note_detail" time="14.419" classname="com.tester.cases.XHSv2Test"/>
  <testcase name="item_search" time="7.836" classname="com.tester.cases.XHSv2Test"/>
  <testcase name="home_feed" time="19.923" classname="com.tester.cases.XHSv2Test"/>
  <testcase name="topic_notes" time="11.090" classname="com.tester.cases.XHSv2Test"/>
  <testcase name="note_search" time="19.072" classname="com.tester.cases.XHSv2Test"/>
  <testcase name="user_info" time="13.106" classname="com.tester.cases.XHSv2Test"/>
  <testcase name="item_comm" time="1.291" classname="com.tester.cases.XHSv2Test"/>
  <testcase name="item_price" time="4.143" classname="com.tester.cases.XHSv2Test"/>
  <testcase name="shop_items" time="5.570" classname="com.tester.cases.XHSv2Test"/>
  <testcase name="note_comments" time="4.734" classname="com.tester.cases.XHSv2Test"/>
  <testcase name="user_fans" time="12.373" classname="com.tester.cases.XHSv2Test"/>
  <testcase name="user_video" time="15.543" classname="com.tester.cases.XHSv2Test"/>
  <testcase name="user_focus" time="14.973" classname="com.tester.cases.XHSv2Test"/>
  <testcase name="video_detail" time="7.165" classname="com.tester.cases.XHSv2Test"/>
  <testcase name="user_note" time="13.588" classname="com.tester.cases.XHSv2Test"/>
  <testcase name="call_nums" time="4.865" classname="com.tester.cases.XHSv2Test"/>
  <testcase name="shop_info" time="2.717" classname="com.tester.cases.XHSv2Test"/>
  <testcase name="item_info" time="1.986" classname="com.tester.cases.XHSv2Test"/>
  <testcase name="shop_font" time="2.364" classname="com.tester.cases.XHSv2Test"/>
</testsuite> <!-- com.tester.cases.XHSv2Test -->
