<?xml version="1.0" encoding="UTF-8"?>
<!-- Generated by org.testng.reporters.JUnitReportReporter -->
<testsuite name="com.tester.cases.KaoLaTest" tests="5" time="15.351" ignored="0" failures="0" timestamp="30 三月 2020 09:12:29 GMT" skipped="0" hostname="yaokaidembp" errors="0">
  <testcase name="item_list" time="1.308" classname="com.tester.cases.KaoLaTest"/>
  <testcase name="leaf_cate" time="5.311" classname="com.tester.cases.KaoLaTest"/>
  <testcase name="shop_info" time="1.990" classname="com.tester.cases.KaoLaTest"/>
  <testcase name="shop_item" time="2.762" classname="com.tester.cases.KaoLaTest"/>
  <testcase name="item_detail" time="3.980" classname="com.tester.cases.KaoLaTest"/>
</testsuite> <!-- com.tester.cases.KaoLaTest -->
